{"total": {"lines":{"total":23217,"covered":14091,"skipped":0,"pct":60.69},"statements":{"total":24749,"covered":14778,"skipped":0,"pct":59.71},"functions":{"total":3335,"covered":2112,"skipped":0,"pct":63.32},"branches":{"total":14367,"covered":7469,"skipped":0,"pct":51.98},"branchesTrue":{"total":0,"covered":0,"skipped":0,"pct":100}}
,"/home/syrokomskyi/projects/warpgogol/werkstatt/packages/werkstatt-engine/src/agent-gate/action-pipeline.ts": {"lines":{"total":28,"covered":27,"skipped":0,"pct":96.42},"functions":{"total":9,"covered":9,"skipped":0,"pct":100},"statements":{"total":31,"covered":29,"skipped":0,"pct":93.54},"branches":{"total":21,"covered":17,"skipped":0,"pct":80.95}}
,"/home/syrokomskyi/projects/warpgogol/werkstatt/packages/werkstatt-engine/src/agent-gate/actions.ts": {"lines":{"total":51,"covered":41,"skipped":0,"pct":80.39},"functions":{"total":4,"covered":4,"skipped":0,"pct":100},"statements":{"total":55,"covered":45,"skipped":0,"pct":81.81},"branches":{"total":60,"covered":52,"skipped":0,"pct":86.66}}
,"/home/syrokomskyi/projects/warpgogol/werkstatt/packages/werkstatt-engine/src/agent-gate/astro.ts": {"lines":{"total":107,"covered":0,"skipped":0,"pct":0},"functions":{"total":22,"covered":0,"skipped":0,"pct":0},"statements":{"total":115,"covered":0,"skipped":0,"pct":0},"branches":{"total":58,"covered":0,"skipped":0,"pct":0}}
,"/home/syrokomskyi/projects/warpgogol/werkstatt/packages/werkstatt-engine/src/agent-gate/limits.ts": {"lines":{"total":12,"covered":12,"skipped":0,"pct":100},"functions":{"total":2,"covered":2,"skipped":0,"pct":100},"statements":{"total":12,"covered":12,"skipped":0,"pct":100},"branches":{"total":6,"covered":6,"skipped":0,"pct":100}}
,"/home/syrokomskyi/projects/warpgogol/werkstatt/packages/werkstatt-engine/src/agent-gate/ports.ts": {"lines":{"total":0,"covered":0,"skipped":0,"pct":100},"functions":{"total":0,"covered":0,"skipped":0,"pct":100},"statements":{"total":0,"covered":0,"skipped":0,"pct":100},"branches":{"total":0,"covered":0,"skipped":0,"pct":100}}
,"/home/syrokomskyi/projects/warpgogol/werkstatt/packages/werkstatt-engine/src/agent-gate/reflect-route.ts": {"lines":{"total":21,"covered":18,"skipped":0,"pct":85.71},"functions":{"total":5,"covered":5,"skipped":0,"pct":100},"statements":{"total":21,"covered":18,"skipped":0,"pct":85.71},"branches":{"total":8,"covered":4,"skipped":0,"pct":50}}
,"/home/syrokomskyi/projects/warpgogol/werkstatt/packages/werkstatt-engine/src/agent-gate/mcp/handler.ts": {"lines":{"total":76,"covered":70,"skipped":0,"pct":92.1},"functions":{"total":11,"covered":11,"skipped":0,"pct":100},"statements":{"total":80,"covered":74,"skipped":0,"pct":92.5},"branches":{"total":93,"covered":57,"skipped":0,"pct":61.29}}
,"/home/syrokomskyi/projects/warpgogol/werkstatt/packages/werkstatt-engine/src/agent-gate/mcp/protocol.ts": {"lines":{"total":7,"covered":7,"skipped":0,"pct":100},"functions":{"total":3,"covered":3,"skipped":0,"pct":100},"statements":{"total":8,"covered":7,"skipped":0,"pct":87.5},"branches":{"total":9,"covered":8,"skipped":0,"pct":88.88}}
,"/home/syrokomskyi/projects/warpgogol/werkstatt/packages/werkstatt-engine/src/agent-gate/mcp/tools.ts": {"lines":{"total":10,"covered":10,"skipped":0,"pct":100},"functions":{"total":2,"covered":2,"skipped":0,"pct":100},"statements":{"total":12,"covered":11,"skipped":0,"pct":91.66},"branches":{"total":4,"covered":2,"skipped":0,"pct":50}}
,"/home/syrokomskyi/projects/warpgogol/werkstatt/packages/werkstatt-engine/src/artifact-store/artifact-store-commands.ts": {"lines":{"total":183,"covered":54,"skipped":0,"pct":29.5},"functions":{"total":15,"covered":4,"skipped":0,"pct":26.66},"statements":{"total":192,"covered":55,"skipped":0,"pct":28.64},"branches":{"total":78,"covered":9,"skipped":0,"pct":11.53}}
,"/home/syrokomskyi/projects/warpgogol/werkstatt/packages/werkstatt-engine/src/artifact-store/artifact-store.module.ts": {"lines":{"total":2,"covered":0,"skipped":0,"pct":0},"functions":{"total":1,"covered":0,"skipped":0,"pct":0},"statements":{"total":2,"covered":0,"skipped":0,"pct":0},"branches":{"total":0,"covered":0,"skipped":0,"pct":100}}
,"/home/syrokomskyi/projects/warpgogol/werkstatt/packages/werkstatt-engine/src/behavior-snapshot/behavior-snapshot-commands.ts": {"lines":{"total":94,"covered":21,"skipped":0,"pct":22.34},"functions":{"total":11,"covered":4,"skipped":0,"pct":36.36},"statements":{"total":102,"covered":24,"skipped":0,"pct":23.52},"branches":{"total":88,"covered":16,"skipped":0,"pct":18.18}}
,"/home/syrokomskyi/projects/warpgogol/werkstatt/packages/werkstatt-engine/src/behavior-snapshot/behavior-snapshot.module.ts": {"lines":{"total":2,"covered":0,"skipped":0,"pct":0},"functions":{"total":1,"covered":0,"skipped":0,"pct":0},"statements":{"total":2,"covered":0,"skipped":0,"pct":0},"branches":{"total":0,"covered":0,"skipped":0,"pct":100}}
,"/home/syrokomskyi/projects/warpgogol/werkstatt/packages/werkstatt-engine/src/bordbuch/bordbuch-append.ts": {"lines":{"total":43,"covered":0,"skipped":0,"pct":0},"functions":{"total":5,"covered":0,"skipped":0,"pct":0},"statements":{"total":49,"covered":0,"skipped":0,"pct":0},"branches":{"total":41,"covered":0,"skipped":0,"pct":0}}
,"/home/syrokomskyi/projects/warpgogol/werkstatt/packages/werkstatt-engine/src/bordbuch/bordbuch-commit-helper.ts": {"lines":{"total":12,"covered":12,"skipped":0,"pct":100},"functions":{"total":2,"covered":2,"skipped":0,"pct":100},"statements":{"total":12,"covered":12,"skipped":0,"pct":100},"branches":{"total":2,"covered":2,"skipped":0,"pct":100}}
,"/home/syrokomskyi/projects/warpgogol/werkstatt/packages/werkstatt-engine/src/bordbuch/bordbuch-commit.ts": {"lines":{"total":36,"covered":32,"skipped":0,"pct":88.88},"functions":{"total":8,"covered":8,"skipped":0,"pct":100},"statements":{"total":38,"covered":34,"skipped":0,"pct":89.47},"branches":{"total":18,"covered":15,"skipped":0,"pct":83.33}}
,"/home/syrokomskyi/projects/warpgogol/werkstatt/packages/werkstatt-engine/src/bordbuch/bordbuch-generate.ts": {"lines":{"total":54,"covered":1,"skipped":0,"pct":1.85},"functions":{"total":11,"covered":0,"skipped":0,"pct":0},"statements":{"total":59,"covered":1,"skipped":0,"pct":1.69},"branches":{"total":26,"covered":0,"skipped":0,"pct":0}}
,"/home/syrokomskyi/projects/warpgogol/werkstatt/packages/werkstatt-engine/src/bordbuch/bordbuch-hook.ts": {"lines":{"total":10,"covered":10,"skipped":0,"pct":100},"functions":{"total":1,"covered":1,"skipped":0,"pct":100},"statements":{"total":10,"covered":10,"skipped":0,"pct":100},"branches":{"total":4,"covered":4,"skipped":0,"pct":100}}
,"/home/syrokomskyi/projects/warpgogol/werkstatt/packages/werkstatt-engine/src/bordbuch/bordbuch-io.ts": {"lines":{"total":184,"covered":164,"skipped":0,"pct":89.13},"functions":{"total":21,"covered":19,"skipped":0,"pct":90.47},"statements":{"total":193,"covered":169,"skipped":0,"pct":87.56},"branches":{"total":119,"covered":91,"skipped":0,"pct":76.47}}
,"/home/syrokomskyi/projects/warpgogol/werkstatt/packages/werkstatt-engine/src/bordbuch/bordbuch-repair.ts": {"lines":{"total":117,"covered":109,"skipped":0,"pct":93.16},"functions":{"total":13,"covered":13,"skipped":0,"pct":100},"statements":{"total":133,"covered":121,"skipped":0,"pct":90.97},"branches":{"total":83,"covered":67,"skipped":0,"pct":80.72}}
,"/home/syrokomskyi/projects/warpgogol/werkstatt/packages/werkstatt-engine/src/bordbuch/bordbuch-status.ts": {"lines":{"total":12,"covered":0,"skipped":0,"pct":0},"functions":{"total":4,"covered":0,"skipped":0,"pct":0},"statements":{"total":15,"covered":0,"skipped":0,"pct":0},"branches":{"total":16,"covered":0,"skipped":0,"pct":0}}
,"/home/syrokomskyi/projects/warpgogol/werkstatt/packages/werkstatt-engine/src/bordbuch/bordbuch-validate.ts": {"lines":{"total":9,"covered":0,"skipped":0,"pct":0},"functions":{"total":2,"covered":0,"skipped":0,"pct":0},"statements":{"total":10,"covered":0,"skipped":0,"pct":0},"branches":{"total":10,"covered":0,"skipped":0,"pct":0}}
,"/home/syrokomskyi/projects/warpgogol/werkstatt/packages/werkstatt-engine/src/bordbuch/bordbuch.module.ts": {"lines":{"total":7,"covered":0,"skipped":0,"pct":0},"functions":{"total":1,"covered":0,"skipped":0,"pct":0},"statements":{"total":7,"covered":0,"skipped":0,"pct":0},"branches":{"total":0,"covered":0,"skipped":0,"pct":100}}
,"/home/syrokomskyi/projects/warpgogol/werkstatt/packages/werkstatt-engine/src/capability-artifacts/store.ts": {"lines":{"total":43,"covered":42,"skipped":0,"pct":97.67},"functions":{"total":9,"covered":9,"skipped":0,"pct":100},"statements":{"total":43,"covered":42,"skipped":0,"pct":97.67},"branches":{"total":25,"covered":23,"skipped":0,"pct":92}}
,"/home/syrokomskyi/projects/warpgogol/werkstatt/packages/werkstatt-engine/src/certification/action-pack.ts": {"lines":{"total":45,"covered":40,"skipped":0,"pct":88.88},"functions":{"total":6,"covered":4,"skipped":0,"pct":66.66},"statements":{"total":51,"covered":45,"skipped":0,"pct":88.23},"branches":{"total":34,"covered":19,"skipped":0,"pct":55.88}}
,"/home/syrokomskyi/projects/warpgogol/werkstatt/packages/werkstatt-engine/src/certification/aggregation.ts": {"lines":{"total":43,"covered":42,"skipped":0,"pct":97.67},"functions":{"total":7,"covered":7,"skipped":0,"pct":100},"statements":{"total":46,"covered":43,"skipped":0,"pct":93.47},"branches":{"total":29,"covered":24,"skipped":0,"pct":82.75}}
,"/home/syrokomskyi/projects/warpgogol/werkstatt/packages/werkstatt-engine/src/certification/dossier-hash.ts": {"lines":{"total":9,"covered":7,"skipped":0,"pct":77.77},"functions":{"total":2,"covered":2,"skipped":0,"pct":100},"statements":{"total":9,"covered":7,"skipped":0,"pct":77.77},"branches":{"total":4,"covered":2,"skipped":0,"pct":50}}
,"/home/syrokomskyi/projects/warpgogol/werkstatt/packages/werkstatt-engine/src/certification/evidence-selection.ts": {"lines":{"total":48,"covered":46,"skipped":0,"pct":95.83},"functions":{"total":6,"covered":6,"skipped":0,"pct":100},"statements":{"total":52,"covered":50,"skipped":0,"pct":96.15},"branches":{"total":28,"covered":24,"skipped":0,"pct":85.71}}
,"/home/syrokomskyi/projects/warpgogol/werkstatt/packages/werkstatt-engine/src/certification/identity.ts": {"lines":{"total":44,"covered":43,"skipped":0,"pct":97.72},"functions":{"total":11,"covered":11,"skipped":0,"pct":100},"statements":{"total":53,"covered":43,"skipped":0,"pct":81.13},"branches":{"total":26,"covered":16,"skipped":0,"pct":61.53}}
,"/home/syrokomskyi/projects/warpgogol/werkstatt/packages/werkstatt-engine/src/certification/state-machine.ts": {"lines":{"total":14,"covered":14,"skipped":0,"pct":100},"functions":{"total":4,"covered":4,"skipped":0,"pct":100},"statements":{"total":14,"covered":14,"skipped":0,"pct":100},"branches":{"total":12,"covered":10,"skipped":0,"pct":83.33}}
,"/home/syrokomskyi/projects/warpgogol/werkstatt/packages/werkstatt-engine/src/certification/transition-block.ts": {"lines":{"total":5,"covered":5,"skipped":0,"pct":100},"functions":{"total":3,"covered":3,"skipped":0,"pct":100},"statements":{"total":5,"covered":5,"skipped":0,"pct":100},"branches":{"total":9,"covered":9,"skipped":0,"pct":100}}
,"/home/syrokomskyi/projects/warpgogol/werkstatt/packages/werkstatt-engine/src/certification/cleanup/legacy-artifacts.ts": {"lines":{"total":56,"covered":56,"skipped":0,"pct":100},"functions":{"total":22,"covered":22,"skipped":0,"pct":100},"statements":{"total":63,"covered":63,"skipped":0,"pct":100},"branches":{"total":31,"covered":31,"skipped":0,"pct":100}}
,"/home/syrokomskyi/projects/warpgogol/werkstatt/packages/werkstatt-engine/src/certification/commands/inspection.ts": {"lines":{"total":36,"covered":28,"skipped":0,"pct":77.77},"functions":{"total":3,"covered":3,"skipped":0,"pct":100},"statements":{"total":36,"covered":28,"skipped":0,"pct":77.77},"branches":{"total":24,"covered":13,"skipped":0,"pct":54.16}}
,"/home/syrokomskyi/projects/warpgogol/werkstatt/packages/werkstatt-engine/src/certification/contracts/action-pack.ts": {"lines":{"total":4,"covered":4,"skipped":0,"pct":100},"functions":{"total":0,"covered":0,"skipped":0,"pct":100},"statements":{"total":4,"covered":4,"skipped":0,"pct":100},"branches":{"total":0,"covered":0,"skipped":0,"pct":100}}
,"/home/syrokomskyi/projects/warpgogol/werkstatt/packages/werkstatt-engine/src/certification/contracts/authority.ts": {"lines":{"total":6,"covered":6,"skipped":0,"pct":100},"functions":{"total":0,"covered":0,"skipped":0,"pct":100},"statements":{"total":6,"covered":6,"skipped":0,"pct":100},"branches":{"total":0,"covered":0,"skipped":0,"pct":100}}
,"/home/syrokomskyi/projects/warpgogol/werkstatt/packages/werkstatt-engine/src/certification/contracts/candidate.ts": {"lines":{"total":4,"covered":4,"skipped":0,"pct":100},"functions":{"total":0,"covered":0,"skipped":0,"pct":100},"statements":{"total":4,"covered":4,"skipped":0,"pct":100},"branches":{"total":0,"covered":0,"skipped":0,"pct":100}}
,"/home/syrokomskyi/projects/warpgogol/werkstatt/packages/werkstatt-engine/src/certification/contracts/decisions.ts": {"lines":{"total":5,"covered":5,"skipped":0,"pct":100},"functions":{"total":0,"covered":0,"skipped":0,"pct":100},"statements":{"total":5,"covered":5,"skipped":0,"pct":100},"branches":{"total":0,"covered":0,"skipped":0,"pct":100}}
,"/home/syrokomskyi/projects/warpgogol/werkstatt/packages/werkstatt-engine/src/certification/contracts/dossier.ts": {"lines":{"total":6,"covered":6,"skipped":0,"pct":100},"functions":{"total":0,"covered":0,"skipped":0,"pct":100},"statements":{"total":6,"covered":6,"skipped":0,"pct":100},"branches":{"total":0,"covered":0,"skipped":0,"pct":100}}
,"/home/syrokomskyi/projects/warpgogol/werkstatt/packages/werkstatt-engine/src/certification/contracts/evidence.ts": {"lines":{"total":6,"covered":6,"skipped":0,"pct":100},"functions":{"total":0,"covered":0,"skipped":0,"pct":100},"statements":{"total":6,"covered":6,"skipped":0,"pct":100},"branches":{"total":0,"covered":0,"skipped":0,"pct":100}}
,"/home/syrokomskyi/projects/warpgogol/werkstatt/packages/werkstatt-engine/src/certification/contracts/identifiers.ts": {"lines":{"total":23,"covered":23,"skipped":0,"pct":100},"functions":{"total":3,"covered":3,"skipped":0,"pct":100},"statements":{"total":23,"covered":23,"skipped":0,"pct":100},"branches":{"total":8,"covered":6,"skipped":0,"pct":75}}
,"/home/syrokomskyi/projects/warpgogol/werkstatt/packages/werkstatt-engine/src/certification/contracts/policy-bundle.ts": {"lines":{"total":6,"covered":6,"skipped":0,"pct":100},"functions":{"total":0,"covered":0,"skipped":0,"pct":100},"statements":{"total":6,"covered":6,"skipped":0,"pct":100},"branches":{"total":0,"covered":0,"skipped":0,"pct":100}}
,"/home/syrokomskyi/projects/warpgogol/werkstatt/packages/werkstatt-engine/src/certification/contracts/state.ts": {"lines":{"total":3,"covered":3,"skipped":0,"pct":100},"functions":{"total":0,"covered":0,"skipped":0,"pct":100},"statements":{"total":3,"covered":3,"skipped":0,"pct":100},"branches":{"total":0,"covered":0,"skipped":0,"pct":100}}
,"/home/syrokomskyi/projects/warpgogol/werkstatt/packages/werkstatt-engine/src/certification/cutover/marker.ts": {"lines":{"total":36,"covered":35,"skipped":0,"pct":97.22},"functions":{"total":8,"covered":8,"skipped":0,"pct":100},"statements":{"total":38,"covered":37,"skipped":0,"pct":97.36},"branches":{"total":24,"covered":23,"skipped":0,"pct":95.83}}
,"/home/syrokomskyi/projects/warpgogol/werkstatt/packages/werkstatt-engine/src/certification/deployment/authority.ts": {"lines":{"total":56,"covered":55,"skipped":0,"pct":98.21},"functions":{"total":8,"covered":8,"skipped":0,"pct":100},"statements":{"total":57,"covered":56,"skipped":0,"pct":98.24},"branches":{"total":68,"covered":67,"skipped":0,"pct":98.52}}
,"/home/syrokomskyi/projects/warpgogol/werkstatt/packages/werkstatt-engine/src/certification/evaluators/registry.ts": {"lines":{"total":83,"covered":82,"skipped":0,"pct":98.79},"functions":{"total":14,"covered":14,"skipped":0,"pct":100},"statements":{"total":87,"covered":86,"skipped":0,"pct":98.85},"branches":{"total":50,"covered":48,"skipped":0,"pct":96}}
,"/home/syrokomskyi/projects/warpgogol/werkstatt/packages/werkstatt-engine/src/certification/health/monitor.ts": {"lines":{"total":67,"covered":64,"skipped":0,"pct":95.52},"functions":{"total":16,"covered":16,"skipped":0,"pct":100},"statements":{"total":81,"covered":78,"skipped":0,"pct":96.29},"branches":{"total":88,"covered":85,"skipped":0,"pct":96.59}}
,"/home/syrokomskyi/projects/warpgogol/werkstatt/packages/werkstatt-engine/src/certification/orchestration/orchestrator.ts": {"lines":{"total":138,"covered":125,"skipped":0,"pct":90.57},"functions":{"total":26,"covered":21,"skipped":0,"pct":80.76},"statements":{"total":149,"covered":136,"skipped":0,"pct":91.27},"branches":{"total":56,"covered":43,"skipped":0,"pct":76.78}}
,"/home/syrokomskyi/projects/warpgogol/werkstatt/packages/werkstatt-engine/src/certification/producers/registry.ts": {"lines":{"total":72,"covered":69,"skipped":0,"pct":95.83},"functions":{"total":14,"covered":14,"skipped":0,"pct":100},"statements":{"total":75,"covered":72,"skipped":0,"pct":96},"branches":{"total":53,"covered":49,"skipped":0,"pct":92.45}}
,"/home/syrokomskyi/projects/warpgogol/werkstatt/packages/werkstatt-engine/src/certification/profile/astro-profile.ts": {"lines":{"total":4,"covered":4,"skipped":0,"pct":100},"functions":{"total":1,"covered":1,"skipped":0,"pct":100},"statements":{"total":4,"covered":4,"skipped":0,"pct":100},"branches":{"total":0,"covered":0,"skipped":0,"pct":100}}
,"/home/syrokomskyi/projects/warpgogol/werkstatt/packages/werkstatt-engine/src/certification/profile/hash.ts": {"lines":{"total":8,"covered":6,"skipped":0,"pct":75},"functions":{"total":1,"covered":1,"skipped":0,"pct":100},"statements":{"total":8,"covered":6,"skipped":0,"pct":75},"branches":{"total":4,"covered":2,"skipped":0,"pct":50}}
,"/home/syrokomskyi/projects/warpgogol/werkstatt/packages/werkstatt-engine/src/certification/profile/schemas.ts": {"lines":{"total":21,"covered":21,"skipped":0,"pct":100},"functions":{"total":1,"covered":1,"skipped":0,"pct":100},"statements":{"total":21,"covered":21,"skipped":0,"pct":100},"branches":{"total":0,"covered":0,"skipped":0,"pct":100}}
,"/home/syrokomskyi/projects/warpgogol/werkstatt/packages/werkstatt-engine/src/certification/profile/validate.ts": {"lines":{"total":58,"covered":48,"skipped":0,"pct":82.75},"functions":{"total":4,"covered":4,"skipped":0,"pct":100},"statements":{"total":60,"covered":50,"skipped":0,"pct":83.33},"branches":{"total":59,"covered":48,"skipped":0,"pct":81.35}}
,"/home/syrokomskyi/projects/warpgogol/werkstatt/packages/werkstatt-engine/src/certification/storage/adapter.ts": {"lines":{"total":23,"covered":23,"skipped":0,"pct":100},"functions":{"total":6,"covered":6,"skipped":0,"pct":100},"statements":{"total":23,"covered":23,"skipped":0,"pct":100},"branches":{"total":14,"covered":13,"skipped":0,"pct":92.85}}
,"/home/syrokomskyi/projects/warpgogol/werkstatt/packages/werkstatt-engine/src/certification/storage/r2-adapter.ts": {"lines":{"total":45,"covered":45,"skipped":0,"pct":100},"functions":{"total":11,"covered":7,"skipped":0,"pct":63.63},"statements":{"total":49,"covered":45,"skipped":0,"pct":91.83},"branches":{"total":29,"covered":22,"skipped":0,"pct":75.86}}
,"/home/syrokomskyi/projects/warpgogol/werkstatt/packages/werkstatt-engine/src/certification/storage/repository.ts": {"lines":{"total":30,"covered":27,"skipped":0,"pct":90},"functions":{"total":5,"covered":5,"skipped":0,"pct":100},"statements":{"total":30,"covered":27,"skipped":0,"pct":90},"branches":{"total":18,"covered":15,"skipped":0,"pct":83.33}}
,"/home/syrokomskyi/projects/warpgogol/werkstatt/packages/werkstatt-engine/src/certification/storage/retention.ts": {"lines":{"total":11,"covered":11,"skipped":0,"pct":100},"functions":{"total":3,"covered":3,"skipped":0,"pct":100},"statements":{"total":11,"covered":11,"skipped":0,"pct":100},"branches":{"total":8,"covered":7,"skipped":0,"pct":87.5}}
,"/home/syrokomskyi/projects/warpgogol/werkstatt/packages/werkstatt-engine/src/changelog/changelog-command.ts": {"lines":{"total":81,"covered":0,"skipped":0,"pct":0},"functions":{"total":8,"covered":0,"skipped":0,"pct":0},"statements":{"total":83,"covered":0,"skipped":0,"pct":0},"branches":{"total":28,"covered":0,"skipped":0,"pct":0}}
,"/home/syrokomskyi/projects/warpgogol/werkstatt/packages/werkstatt-engine/src/changelog/changelog/context.ts": {"lines":{"total":13,"covered":0,"skipped":0,"pct":0},"functions":{"total":3,"covered":0,"skipped":0,"pct":0},"statements":{"total":16,"covered":0,"skipped":0,"pct":0},"branches":{"total":32,"covered":0,"skipped":0,"pct":0}}
,"/home/syrokomskyi/projects/warpgogol/werkstatt/packages/werkstatt-engine/src/changelog/changelog/types.ts": {"lines":{"total":3,"covered":3,"skipped":0,"pct":100},"functions":{"total":0,"covered":0,"skipped":0,"pct":100},"statements":{"total":3,"covered":3,"skipped":0,"pct":100},"branches":{"total":0,"covered":0,"skipped":0,"pct":100}}
,"/home/syrokomskyi/projects/warpgogol/werkstatt/packages/werkstatt-engine/src/changelog/changelog/agents/classifier-agent.ts": {"lines":{"total":33,"covered":11,"skipped":0,"pct":33.33},"functions":{"total":9,"covered":2,"skipped":0,"pct":22.22},"statements":{"total":39,"covered":12,"skipped":0,"pct":30.76},"branches":{"total":27,"covered":17,"skipped":0,"pct":62.96}}
,"/home/syrokomskyi/projects/warpgogol/werkstatt/packages/werkstatt-engine/src/changelog/changelog/agents/grouper-agent.ts": {"lines":{"total":35,"covered":10,"skipped":0,"pct":28.57},"functions":{"total":10,"covered":3,"skipped":0,"pct":30},"statements":{"total":39,"covered":10,"skipped":0,"pct":25.64},"branches":{"total":12,"covered":3,"skipped":0,"pct":25}}
,"/home/syrokomskyi/projects/warpgogol/werkstatt/packages/werkstatt-engine/src/changelog/changelog/agents/writer-agent.ts": {"lines":{"total":45,"covered":0,"skipped":0,"pct":0},"functions":{"total":11,"covered":0,"skipped":0,"pct":0},"statements":{"total":51,"covered":0,"skipped":0,"pct":0},"branches":{"total":22,"covered":0,"skipped":0,"pct":0}}
,"/home/syrokomskyi/projects/warpgogol/werkstatt/packages/werkstatt-engine/src/changelog/changelog/core/ai-cache.ts": {"lines":{"total":16,"covered":1,"skipped":0,"pct":6.25},"functions":{"total":4,"covered":1,"skipped":0,"pct":25},"statements":{"total":16,"covered":1,"skipped":0,"pct":6.25},"branches":{"total":0,"covered":0,"skipped":0,"pct":100}}
,"/home/syrokomskyi/projects/warpgogol/werkstatt/packages/werkstatt-engine/src/changelog/changelog/core/index-rebuilder.ts": {"lines":{"total":21,"covered":0,"skipped":0,"pct":0},"functions":{"total":3,"covered":0,"skipped":0,"pct":0},"statements":{"total":21,"covered":0,"skipped":0,"pct":0},"branches":{"total":4,"covered":0,"skipped":0,"pct":0}}
,"/home/syrokomskyi/projects/warpgogol/werkstatt/packages/werkstatt-engine/src/changelog/changelog/core/rate-limiter.ts": {"lines":{"total":1,"covered":0,"skipped":0,"pct":0},"functions":{"total":1,"covered":0,"skipped":0,"pct":0},"statements":{"total":1,"covered":0,"skipped":0,"pct":0},"branches":{"total":0,"covered":0,"skipped":0,"pct":100}}
,"/home/syrokomskyi/projects/warpgogol/werkstatt/packages/werkstatt-engine/src/changelog/changelog/core/version-bumper.ts": {"lines":{"total":16,"covered":14,"skipped":0,"pct":87.5},"functions":{"total":4,"covered":4,"skipped":0,"pct":100},"statements":{"total":20,"covered":17,"skipped":0,"pct":85},"branches":{"total":16,"covered":14,"skipped":0,"pct":87.5}}
,"/home/syrokomskyi/projects/warpgogol/werkstatt/packages/werkstatt-engine/src/changelog/changelog/utils/atomic-fs.ts": {"lines":{"total":4,"covered":0,"skipped":0,"pct":0},"functions":{"total":1,"covered":0,"skipped":0,"pct":0},"statements":{"total":4,"covered":0,"skipped":0,"pct":0},"branches":{"total":0,"covered":0,"skipped":0,"pct":100}}
,"/home/syrokomskyi/projects/warpgogol/werkstatt/packages/werkstatt-engine/src/changelog/changelog/utils/date.ts": {"lines":{"total":18,"covered":0,"skipped":0,"pct":0},"functions":{"total":3,"covered":0,"skipped":0,"pct":0},"statements":{"total":18,"covered":0,"skipped":0,"pct":0},"branches":{"total":4,"covered":0,"skipped":0,"pct":0}}
,"/home/syrokomskyi/projects/warpgogol/werkstatt/packages/werkstatt-engine/src/changelog/changelog/utils/git.ts": {"lines":{"total":29,"covered":0,"skipped":0,"pct":0},"functions":{"total":8,"covered":0,"skipped":0,"pct":0},"statements":{"total":30,"covered":0,"skipped":0,"pct":0},"branches":{"total":16,"covered":0,"skipped":0,"pct":0}}
,"/home/syrokomskyi/projects/warpgogol/werkstatt/packages/werkstatt-engine/src/changelog/changelog/utils/link-extractor.ts": {"lines":{"total":29,"covered":29,"skipped":0,"pct":100},"functions":{"total":5,"covered":5,"skipped":0,"pct":100},"statements":{"total":29,"covered":29,"skipped":0,"pct":100},"branches":{"total":18,"covered":18,"skipped":0,"pct":100}}
,"/home/syrokomskyi/projects/warpgogol/werkstatt/packages/werkstatt-engine/src/changelog/changelog/utils/retry.ts": {"lines":{"total":9,"covered":9,"skipped":0,"pct":100},"functions":{"total":2,"covered":2,"skipped":0,"pct":100},"statements":{"total":11,"covered":11,"skipped":0,"pct":100},"branches":{"total":9,"covered":8,"skipped":0,"pct":88.88}}
,"/home/syrokomskyi/projects/warpgogol/werkstatt/packages/werkstatt-engine/src/changelog/changelog/utils/sanitize.ts": {"lines":{"total":2,"covered":0,"skipped":0,"pct":0},"functions":{"total":2,"covered":0,"skipped":0,"pct":0},"statements":{"total":2,"covered":0,"skipped":0,"pct":0},"branches":{"total":2,"covered":0,"skipped":0,"pct":0}}
,"/home/syrokomskyi/projects/warpgogol/werkstatt/packages/werkstatt-engine/src/component/contracts.ts": {"lines":{"total":1,"covered":1,"skipped":0,"pct":100},"functions":{"total":0,"covered":0,"skipped":0,"pct":100},"statements":{"total":1,"covered":1,"skipped":0,"pct":100},"branches":{"total":0,"covered":0,"skipped":0,"pct":100}}
,"/home/syrokomskyi/projects/warpgogol/werkstatt/packages/werkstatt-engine/src/component/identity.ts": {"lines":{"total":53,"covered":43,"skipped":0,"pct":81.13},"functions":{"total":24,"covered":20,"skipped":0,"pct":83.33},"statements":{"total":59,"covered":49,"skipped":0,"pct":83.05},"branches":{"total":18,"covered":11,"skipped":0,"pct":61.11}}
,"/home/syrokomskyi/projects/warpgogol/werkstatt/packages/werkstatt-engine/src/component/schemas.ts": {"lines":{"total":81,"covered":81,"skipped":0,"pct":100},"functions":{"total":6,"covered":6,"skipped":0,"pct":100},"statements":{"total":86,"covered":86,"skipped":0,"pct":100},"branches":{"total":20,"covered":20,"skipped":0,"pct":100}}
,"/home/syrokomskyi/projects/warpgogol/werkstatt/packages/werkstatt-engine/src/component-runtime/activation.ts": {"lines":{"total":77,"covered":64,"skipped":0,"pct":83.11},"functions":{"total":15,"covered":14,"skipped":0,"pct":93.33},"statements":{"total":79,"covered":66,"skipped":0,"pct":83.54},"branches":{"total":32,"covered":20,"skipped":0,"pct":62.5}}
,"/home/syrokomskyi/projects/warpgogol/werkstatt/packages/werkstatt-engine/src/component-runtime/compensation-store.ts": {"lines":{"total":34,"covered":23,"skipped":0,"pct":67.64},"functions":{"total":6,"covered":6,"skipped":0,"pct":100},"statements":{"total":34,"covered":23,"skipped":0,"pct":67.64},"branches":{"total":12,"covered":8,"skipped":0,"pct":66.66}}
,"/home/syrokomskyi/projects/warpgogol/werkstatt/packages/werkstatt-engine/src/component-runtime/compensation-verifier.ts": {"lines":{"total":86,"covered":56,"skipped":0,"pct":65.11},"functions":{"total":28,"covered":18,"skipped":0,"pct":64.28},"statements":{"total":88,"covered":58,"skipped":0,"pct":65.9},"branches":{"total":30,"covered":12,"skipped":0,"pct":40}}
,"/home/syrokomskyi/projects/warpgogol/werkstatt/packages/werkstatt-engine/src/component-runtime/component-runtime.module.ts": {"lines":{"total":3,"covered":0,"skipped":0,"pct":0},"functions":{"total":1,"covered":0,"skipped":0,"pct":0},"statements":{"total":3,"covered":0,"skipped":0,"pct":0},"branches":{"total":0,"covered":0,"skipped":0,"pct":100}}
,"/home/syrokomskyi/projects/warpgogol/werkstatt/packages/werkstatt-engine/src/component-runtime/conformance.ts": {"lines":{"total":1,"covered":1,"skipped":0,"pct":100},"functions":{"total":1,"covered":1,"skipped":0,"pct":100},"statements":{"total":1,"covered":1,"skipped":0,"pct":100},"branches":{"total":2,"covered":2,"skipped":0,"pct":100}}
,"/home/syrokomskyi/projects/warpgogol/werkstatt/packages/werkstatt-engine/src/component-runtime/effect-classifier.ts": {"lines":{"total":13,"covered":13,"skipped":0,"pct":100},"functions":{"total":7,"covered":7,"skipped":0,"pct":100},"statements":{"total":14,"covered":14,"skipped":0,"pct":100},"branches":{"total":9,"covered":8,"skipped":0,"pct":88.88}}
,"/home/syrokomskyi/projects/warpgogol/werkstatt/packages/werkstatt-engine/src/component-runtime/effect-commands.ts": {"lines":{"total":45,"covered":0,"skipped":0,"pct":0},"functions":{"total":5,"covered":0,"skipped":0,"pct":0},"statements":{"total":45,"covered":0,"skipped":0,"pct":0},"branches":{"total":42,"covered":0,"skipped":0,"pct":0}}
,"/home/syrokomskyi/projects/warpgogol/werkstatt/packages/werkstatt-engine/src/component-runtime/effects.module.ts": {"lines":{"total":3,"covered":0,"skipped":0,"pct":0},"functions":{"total":1,"covered":0,"skipped":0,"pct":0},"statements":{"total":3,"covered":0,"skipped":0,"pct":0},"branches":{"total":0,"covered":0,"skipped":0,"pct":100}}
,"/home/syrokomskyi/projects/warpgogol/werkstatt/packages/werkstatt-engine/src/component-runtime/effects.ts": {"lines":{"total":128,"covered":92,"skipped":0,"pct":71.87},"functions":{"total":38,"covered":22,"skipped":0,"pct":57.89},"statements":{"total":128,"covered":92,"skipped":0,"pct":71.87},"branches":{"total":96,"covered":50,"skipped":0,"pct":52.08}}
,"/home/syrokomskyi/projects/warpgogol/werkstatt/packages/werkstatt-engine/src/component-runtime/fiber.ts": {"lines":{"total":78,"covered":74,"skipped":0,"pct":94.87},"functions":{"total":17,"covered":17,"skipped":0,"pct":100},"statements":{"total":78,"covered":74,"skipped":0,"pct":94.87},"branches":{"total":36,"covered":31,"skipped":0,"pct":86.11}}
,"/home/syrokomskyi/projects/warpgogol/werkstatt/packages/werkstatt-engine/src/component-runtime/lifecycle.ts": {"lines":{"total":23,"covered":22,"skipped":0,"pct":95.65},"functions":{"total":13,"covered":12,"skipped":0,"pct":92.3},"statements":{"total":23,"covered":22,"skipped":0,"pct":95.65},"branches":{"total":15,"covered":15,"skipped":0,"pct":100}}
,"/home/syrokomskyi/projects/warpgogol/werkstatt/packages/werkstatt-engine/src/component-runtime/reflection-commands.ts": {"lines":{"total":43,"covered":0,"skipped":0,"pct":0},"functions":{"total":10,"covered":0,"skipped":0,"pct":0},"statements":{"total":45,"covered":0,"skipped":0,"pct":0},"branches":{"total":8,"covered":0,"skipped":0,"pct":0}}
,"/home/syrokomskyi/projects/warpgogol/werkstatt/packages/werkstatt-engine/src/component-runtime/reflection.ts": {"lines":{"total":102,"covered":96,"skipped":0,"pct":94.11},"functions":{"total":19,"covered":18,"skipped":0,"pct":94.73},"statements":{"total":109,"covered":100,"skipped":0,"pct":91.74},"branches":{"total":84,"covered":59,"skipped":0,"pct":70.23}}
,"/home/syrokomskyi/projects/warpgogol/werkstatt/packages/werkstatt-engine/src/component-runtime/resolution-proof.ts": {"lines":{"total":1,"covered":1,"skipped":0,"pct":100},"functions":{"total":1,"covered":1,"skipped":0,"pct":100},"statements":{"total":1,"covered":1,"skipped":0,"pct":100},"branches":{"total":0,"covered":0,"skipped":0,"pct":100}}
,"/home/syrokomskyi/projects/warpgogol/werkstatt/packages/werkstatt-engine/src/component-runtime/resolver.ts": {"lines":{"total":166,"covered":149,"skipped":0,"pct":89.75},"functions":{"total":23,"covered":20,"skipped":0,"pct":86.95},"statements":{"total":180,"covered":158,"skipped":0,"pct":87.77},"branches":{"total":102,"covered":70,"skipped":0,"pct":68.62}}
,"/home/syrokomskyi/projects/warpgogol/werkstatt/packages/werkstatt-engine/src/component-runtime/testing/harness.ts": {"lines":{"total":109,"covered":91,"skipped":0,"pct":83.48},"functions":{"total":9,"covered":9,"skipped":0,"pct":100},"statements":{"total":109,"covered":91,"skipped":0,"pct":83.48},"branches":{"total":79,"covered":47,"skipped":0,"pct":59.49}}
,"/home/syrokomskyi/projects/warpgogol/werkstatt/packages/werkstatt-engine/src/customdomain/customdomain-helpers.ts": {"lines":{"total":31,"covered":27,"skipped":0,"pct":87.09},"functions":{"total":10,"covered":10,"skipped":0,"pct":100},"statements":{"total":31,"covered":27,"skipped":0,"pct":87.09},"branches":{"total":12,"covered":8,"skipped":0,"pct":66.66}}
,"/home/syrokomskyi/projects/warpgogol/werkstatt/packages/werkstatt-engine/src/customdomain/customdomain-register.ts": {"lines":{"total":35,"covered":31,"skipped":0,"pct":88.57},"functions":{"total":3,"covered":3,"skipped":0,"pct":100},"statements":{"total":38,"covered":34,"skipped":0,"pct":89.47},"branches":{"total":28,"covered":22,"skipped":0,"pct":78.57}}
,"/home/syrokomskyi/projects/warpgogol/werkstatt/packages/werkstatt-engine/src/customdomain/customdomain.module.ts": {"lines":{"total":3,"covered":0,"skipped":0,"pct":0},"functions":{"total":1,"covered":0,"skipped":0,"pct":0},"statements":{"total":3,"covered":0,"skipped":0,"pct":0},"branches":{"total":0,"covered":0,"skipped":0,"pct":100}}
,"/home/syrokomskyi/projects/warpgogol/werkstatt/packages/werkstatt-engine/src/customdomain/redirect-register.ts": {"lines":{"total":48,"covered":37,"skipped":0,"pct":77.08},"functions":{"total":3,"covered":3,"skipped":0,"pct":100},"statements":{"total":50,"covered":39,"skipped":0,"pct":78},"branches":{"total":45,"covered":28,"skipped":0,"pct":62.22}}
,"/home/syrokomskyi/projects/warpgogol/werkstatt/packages/werkstatt-engine/src/deploy/artifact-build.ts": {"lines":{"total":58,"covered":0,"skipped":0,"pct":0},"functions":{"total":7,"covered":0,"skipped":0,"pct":0},"statements":{"total":61,"covered":0,"skipped":0,"pct":0},"branches":{"total":20,"covered":0,"skipped":0,"pct":0}}
,"/home/syrokomskyi/projects/warpgogol/werkstatt/packages/werkstatt-engine/src/deploy/artifact-gc.ts": {"lines":{"total":48,"covered":44,"skipped":0,"pct":91.66},"functions":{"total":4,"covered":4,"skipped":0,"pct":100},"statements":{"total":53,"covered":48,"skipped":0,"pct":90.56},"branches":{"total":20,"covered":15,"skipped":0,"pct":75}}
,"/home/syrokomskyi/projects/warpgogol/werkstatt/packages/werkstatt-engine/src/deploy/artifact-verify.ts": {"lines":{"total":30,"covered":22,"skipped":0,"pct":73.33},"functions":{"total":2,"covered":2,"skipped":0,"pct":100},"statements":{"total":30,"covered":22,"skipped":0,"pct":73.33},"branches":{"total":15,"covered":11,"skipped":0,"pct":73.33}}
,"/home/syrokomskyi/projects/warpgogol/werkstatt/packages/werkstatt-engine/src/deploy/atomic-rollback.ts": {"lines":{"total":20,"covered":17,"skipped":0,"pct":85},"functions":{"total":1,"covered":1,"skipped":0,"pct":100},"statements":{"total":20,"covered":17,"skipped":0,"pct":85},"branches":{"total":8,"covered":5,"skipped":0,"pct":62.5}}
,"/home/syrokomskyi/projects/warpgogol/werkstatt/packages/werkstatt-engine/src/deploy/atomic-swap.ts": {"lines":{"total":25,"covered":23,"skipped":0,"pct":92},"functions":{"total":2,"covered":2,"skipped":0,"pct":100},"statements":{"total":25,"covered":23,"skipped":0,"pct":92},"branches":{"total":16,"covered":12,"skipped":0,"pct":75}}
,"/home/syrokomskyi/projects/warpgogol/werkstatt/packages/werkstatt-engine/src/deploy/deploy-status.ts": {"lines":{"total":15,"covered":15,"skipped":0,"pct":100},"functions":{"total":1,"covered":1,"skipped":0,"pct":100},"statements":{"total":15,"covered":15,"skipped":0,"pct":100},"branches":{"total":16,"covered":13,"skipped":0,"pct":81.25}}
,"/home/syrokomskyi/projects/warpgogol/werkstatt/packages/werkstatt-engine/src/deploy/deploy-utils.ts": {"lines":{"total":54,"covered":48,"skipped":0,"pct":88.88},"functions":{"total":15,"covered":14,"skipped":0,"pct":93.33},"statements":{"total":59,"covered":51,"skipped":0,"pct":86.44},"branches":{"total":15,"covered":12,"skipped":0,"pct":80}}
,"/home/syrokomskyi/projects/warpgogol/werkstatt/packages/werkstatt-engine/src/deploy/deploy.module.ts": {"lines":{"total":2,"covered":0,"skipped":0,"pct":0},"functions":{"total":1,"covered":0,"skipped":0,"pct":0},"statements":{"total":2,"covered":0,"skipped":0,"pct":0},"branches":{"total":0,"covered":0,"skipped":0,"pct":100}}
,"/home/syrokomskyi/projects/warpgogol/werkstatt/packages/werkstatt-engine/src/deploy/types.ts": {"lines":{"total":0,"covered":0,"skipped":0,"pct":100},"functions":{"total":0,"covered":0,"skipped":0,"pct":100},"statements":{"total":0,"covered":0,"skipped":0,"pct":100},"branches":{"total":0,"covered":0,"skipped":0,"pct":100}}
,"/home/syrokomskyi/projects/warpgogol/werkstatt/packages/werkstatt-engine/src/dns/dns-helpers.ts": {"lines":{"total":35,"covered":22,"skipped":0,"pct":62.85},"functions":{"total":8,"covered":5,"skipped":0,"pct":62.5},"statements":{"total":41,"covered":25,"skipped":0,"pct":60.97},"branches":{"total":32,"covered":24,"skipped":0,"pct":75}}
,"/home/syrokomskyi/projects/warpgogol/werkstatt/packages/werkstatt-engine/src/dns/dns-record-delete.ts": {"lines":{"total":32,"covered":0,"skipped":0,"pct":0},"functions":{"total":2,"covered":0,"skipped":0,"pct":0},"statements":{"total":34,"covered":0,"skipped":0,"pct":0},"branches":{"total":28,"covered":0,"skipped":0,"pct":0}}
,"/home/syrokomskyi/projects/warpgogol/werkstatt/packages/werkstatt-engine/src/dns/dns-record-list.ts": {"lines":{"total":14,"covered":0,"skipped":0,"pct":0},"functions":{"total":2,"covered":0,"skipped":0,"pct":0},"statements":{"total":15,"covered":0,"skipped":0,"pct":0},"branches":{"total":4,"covered":0,"skipped":0,"pct":0}}
,"/home/syrokomskyi/projects/warpgogol/werkstatt/packages/werkstatt-engine/src/dns/dns-record-upsert.ts": {"lines":{"total":58,"covered":14,"skipped":0,"pct":24.13},"functions":{"total":3,"covered":2,"skipped":0,"pct":66.66},"statements":{"total":59,"covered":14,"skipped":0,"pct":23.72},"branches":{"total":58,"covered":26,"skipped":0,"pct":44.82}}
,"/home/syrokomskyi/projects/warpgogol/werkstatt/packages/werkstatt-engine/src/dns/dns-record-validate.ts": {"lines":{"total":45,"covered":0,"skipped":0,"pct":0},"functions":{"total":3,"covered":0,"skipped":0,"pct":0},"statements":{"total":48,"covered":0,"skipped":0,"pct":0},"branches":{"total":32,"covered":0,"skipped":0,"pct":0}}
,"/home/syrokomskyi/projects/warpgogol/werkstatt/packages/werkstatt-engine/src/dns/dns-records-schema-validate.ts": {"lines":{"total":35,"covered":32,"skipped":0,"pct":91.42},"functions":{"total":2,"covered":2,"skipped":0,"pct":100},"statements":{"total":36,"covered":33,"skipped":0,"pct":91.66},"branches":{"total":17,"covered":14,"skipped":0,"pct":82.35}}
,"/home/syrokomskyi/projects/warpgogol/werkstatt/packages/werkstatt-engine/src/dns/dns.module.ts": {"lines":{"total":6,"covered":0,"skipped":0,"pct":0},"functions":{"total":1,"covered":0,"skipped":0,"pct":0},"statements":{"total":6,"covered":0,"skipped":0,"pct":0},"branches":{"total":0,"covered":0,"skipped":0,"pct":100}}
,"/home/syrokomskyi/projects/warpgogol/werkstatt/packages/werkstatt-engine/src/dns/txt-normalize.ts": {"lines":{"total":6,"covered":6,"skipped":0,"pct":100},"functions":{"total":2,"covered":2,"skipped":0,"pct":100},"statements":{"total":6,"covered":6,"skipped":0,"pct":100},"branches":{"total":7,"covered":6,"skipped":0,"pct":85.71}}
,"/home/syrokomskyi/projects/warpgogol/werkstatt/packages/werkstatt-engine/src/e2e/cold.ts": {"lines":{"total":203,"covered":172,"skipped":0,"pct":84.72},"functions":{"total":31,"covered":22,"skipped":0,"pct":70.96},"statements":{"total":209,"covered":177,"skipped":0,"pct":84.68},"branches":{"total":104,"covered":62,"skipped":0,"pct":59.61}}
,"/home/syrokomskyi/projects/warpgogol/werkstatt/packages/werkstatt-engine/src/evidence/evidence-fetch.ts": {"lines":{"total":79,"covered":71,"skipped":0,"pct":89.87},"functions":{"total":7,"covered":7,"skipped":0,"pct":100},"statements":{"total":83,"covered":73,"skipped":0,"pct":87.95},"branches":{"total":34,"covered":22,"skipped":0,"pct":64.7}}
,"/home/syrokomskyi/projects/warpgogol/werkstatt/packages/werkstatt-engine/src/evidence/evidence-module.ts": {"lines":{"total":3,"covered":0,"skipped":0,"pct":0},"functions":{"total":1,"covered":0,"skipped":0,"pct":0},"statements":{"total":3,"covered":0,"skipped":0,"pct":0},"branches":{"total":0,"covered":0,"skipped":0,"pct":100}}
,"/home/syrokomskyi/projects/warpgogol/werkstatt/packages/werkstatt-engine/src/evidence/evidence-sync.ts": {"lines":{"total":90,"covered":77,"skipped":0,"pct":85.55},"functions":{"total":8,"covered":7,"skipped":0,"pct":87.5},"statements":{"total":93,"covered":80,"skipped":0,"pct":86.02},"branches":{"total":40,"covered":28,"skipped":0,"pct":70}}
,"/home/syrokomskyi/projects/warpgogol/werkstatt/packages/werkstatt-engine/src/evidence/r2-client.ts": {"lines":{"total":32,"covered":13,"skipped":0,"pct":40.62},"functions":{"total":6,"covered":2,"skipped":0,"pct":33.33},"statements":{"total":32,"covered":13,"skipped":0,"pct":40.62},"branches":{"total":18,"covered":6,"skipped":0,"pct":33.33}}
,"/home/syrokomskyi/projects/warpgogol/werkstatt/packages/werkstatt-engine/src/evolution/canary-router.ts": {"lines":{"total":11,"covered":11,"skipped":0,"pct":100},"functions":{"total":3,"covered":3,"skipped":0,"pct":100},"statements":{"total":13,"covered":13,"skipped":0,"pct":100},"branches":{"total":4,"covered":4,"skipped":0,"pct":100}}
,"/home/syrokomskyi/projects/warpgogol/werkstatt/packages/werkstatt-engine/src/evolution/contracts.ts": {"lines":{"total":10,"covered":9,"skipped":0,"pct":90},"functions":{"total":2,"covered":2,"skipped":0,"pct":100},"statements":{"total":10,"covered":9,"skipped":0,"pct":90},"branches":{"total":8,"covered":7,"skipped":0,"pct":87.5}}
,"/home/syrokomskyi/projects/warpgogol/werkstatt/packages/werkstatt-engine/src/evolution/controller.ts": {"lines":{"total":73,"covered":58,"skipped":0,"pct":79.45},"functions":{"total":22,"covered":19,"skipped":0,"pct":86.36},"statements":{"total":76,"covered":60,"skipped":0,"pct":78.94},"branches":{"total":38,"covered":25,"skipped":0,"pct":65.78}}
,"/home/syrokomskyi/projects/warpgogol/werkstatt/packages/werkstatt-engine/src/evolution/evolution-commands.ts": {"lines":{"total":111,"covered":27,"skipped":0,"pct":24.32},"functions":{"total":18,"covered":8,"skipped":0,"pct":44.44},"statements":{"total":111,"covered":27,"skipped":0,"pct":24.32},"branches":{"total":53,"covered":9,"skipped":0,"pct":16.98}}
,"/home/syrokomskyi/projects/warpgogol/werkstatt/packages/werkstatt-engine/src/evolution/evolution.module.ts": {"lines":{"total":3,"covered":0,"skipped":0,"pct":0},"functions":{"total":1,"covered":0,"skipped":0,"pct":0},"statements":{"total":3,"covered":0,"skipped":0,"pct":0},"branches":{"total":0,"covered":0,"skipped":0,"pct":100}}
,"/home/syrokomskyi/projects/warpgogol/werkstatt/packages/werkstatt-engine/src/evolution/guards.ts": {"lines":{"total":49,"covered":47,"skipped":0,"pct":95.91},"functions":{"total":11,"covered":11,"skipped":0,"pct":100},"statements":{"total":50,"covered":48,"skipped":0,"pct":96},"branches":{"total":34,"covered":31,"skipped":0,"pct":91.17}}
,"/home/syrokomskyi/projects/warpgogol/werkstatt/packages/werkstatt-engine/src/evolution/health-monitor.ts": {"lines":{"total":10,"covered":10,"skipped":0,"pct":100},"functions":{"total":5,"covered":5,"skipped":0,"pct":100},"statements":{"total":10,"covered":10,"skipped":0,"pct":100},"branches":{"total":9,"covered":8,"skipped":0,"pct":88.88}}
,"/home/syrokomskyi/projects/warpgogol/werkstatt/packages/werkstatt-engine/src/evolution/reducer.ts": {"lines":{"total":104,"covered":58,"skipped":0,"pct":55.76},"functions":{"total":16,"covered":11,"skipped":0,"pct":68.75},"statements":{"total":109,"covered":60,"skipped":0,"pct":55.04},"branches":{"total":89,"covered":38,"skipped":0,"pct":42.69}}
,"/home/syrokomskyi/projects/warpgogol/werkstatt/packages/werkstatt-engine/src/evolution/shadow-executor.ts": {"lines":{"total":8,"covered":8,"skipped":0,"pct":100},"functions":{"total":2,"covered":2,"skipped":0,"pct":100},"statements":{"total":8,"covered":8,"skipped":0,"pct":100},"branches":{"total":4,"covered":4,"skipped":0,"pct":100}}
,"/home/syrokomskyi/projects/warpgogol/werkstatt/packages/werkstatt-engine/src/fingerprint/canonical-json.ts": {"lines":{"total":290,"covered":263,"skipped":0,"pct":90.68},"functions":{"total":24,"covered":24,"skipped":0,"pct":100},"statements":{"total":317,"covered":289,"skipped":0,"pct":91.16},"branches":{"total":199,"covered":177,"skipped":0,"pct":88.94}}
,"/home/syrokomskyi/projects/warpgogol/werkstatt/packages/werkstatt-engine/src/fingerprint/fingerprint.ts": {"lines":{"total":43,"covered":43,"skipped":0,"pct":100},"functions":{"total":4,"covered":4,"skipped":0,"pct":100},"statements":{"total":44,"covered":43,"skipped":0,"pct":97.72},"branches":{"total":20,"covered":16,"skipped":0,"pct":80}}
,"/home/syrokomskyi/projects/warpgogol/werkstatt/packages/werkstatt-engine/src/fingerprint/path-matcher.ts": {"lines":{"total":5,"covered":5,"skipped":0,"pct":100},"functions":{"total":2,"covered":2,"skipped":0,"pct":100},"statements":{"total":6,"covered":5,"skipped":0,"pct":83.33},"branches":{"total":2,"covered":1,"skipped":0,"pct":50}}
,"/home/syrokomskyi/projects/warpgogol/werkstatt/packages/werkstatt-engine/src/fingerprint/primitives.ts": {"lines":{"total":20,"covered":20,"skipped":0,"pct":100},"functions":{"total":11,"covered":11,"skipped":0,"pct":100},"statements":{"total":22,"covered":22,"skipped":0,"pct":100},"branches":{"total":10,"covered":10,"skipped":0,"pct":100}}
,"/home/syrokomskyi/projects/warpgogol/werkstatt/packages/werkstatt-engine/src/fingerprint/semantic.ts": {"lines":{"total":0,"covered":0,"skipped":0,"pct":100},"functions":{"total":0,"covered":0,"skipped":0,"pct":100},"statements":{"total":0,"covered":0,"skipped":0,"pct":100},"branches":{"total":0,"covered":0,"skipped":0,"pct":100}}
,"/home/syrokomskyi/projects/warpgogol/werkstatt/packages/werkstatt-engine/src/fingerprint/types.ts": {"lines":{"total":0,"covered":0,"skipped":0,"pct":100},"functions":{"total":0,"covered":0,"skipped":0,"pct":100},"statements":{"total":0,"covered":0,"skipped":0,"pct":100},"branches":{"total":0,"covered":0,"skipped":0,"pct":100}}
,"/home/syrokomskyi/projects/warpgogol/werkstatt/packages/werkstatt-engine/src/fingerprint/normalizers/astro.ts": {"lines":{"total":15,"covered":0,"skipped":0,"pct":0},"functions":{"total":3,"covered":0,"skipped":0,"pct":0},"statements":{"total":15,"covered":0,"skipped":0,"pct":0},"branches":{"total":26,"covered":0,"skipped":0,"pct":0}}
,"/home/syrokomskyi/projects/warpgogol/werkstatt/packages/werkstatt-engine/src/fingerprint/normalizers/binary.ts": {"lines":{"total":1,"covered":0,"skipped":0,"pct":0},"functions":{"total":1,"covered":0,"skipped":0,"pct":0},"statements":{"total":1,"covered":0,"skipped":0,"pct":0},"branches":{"total":0,"covered":0,"skipped":0,"pct":100}}
,"/home/syrokomskyi/projects/warpgogol/werkstatt/packages/werkstatt-engine/src/fingerprint/normalizers/css.ts": {"lines":{"total":5,"covered":0,"skipped":0,"pct":0},"functions":{"total":2,"covered":0,"skipped":0,"pct":0},"statements":{"total":5,"covered":0,"skipped":0,"pct":0},"branches":{"total":0,"covered":0,"skipped":0,"pct":100}}
,"/home/syrokomskyi/projects/warpgogol/werkstatt/packages/werkstatt-engine/src/fingerprint/normalizers/html.ts": {"lines":{"total":19,"covered":19,"skipped":0,"pct":100},"functions":{"total":9,"covered":9,"skipped":0,"pct":100},"statements":{"total":21,"covered":21,"skipped":0,"pct":100},"branches":{"total":4,"covered":4,"skipped":0,"pct":100}}
,"/home/syrokomskyi/projects/warpgogol/werkstatt/packages/werkstatt-engine/src/fingerprint/normalizers/json-stable.ts": {"lines":{"total":9,"covered":9,"skipped":0,"pct":100},"functions":{"total":4,"covered":4,"skipped":0,"pct":100},"statements":{"total":10,"covered":9,"skipped":0,"pct":90},"branches":{"total":6,"covered":5,"skipped":0,"pct":83.33}}
,"/home/syrokomskyi/projects/warpgogol/werkstatt/packages/werkstatt-engine/src/fingerprint/normalizers/json.ts": {"lines":{"total":2,"covered":2,"skipped":0,"pct":100},"functions":{"total":1,"covered":1,"skipped":0,"pct":100},"statements":{"total":2,"covered":2,"skipped":0,"pct":100},"branches":{"total":0,"covered":0,"skipped":0,"pct":100}}
,"/home/syrokomskyi/projects/warpgogol/werkstatt/packages/werkstatt-engine/src/fingerprint/normalizers/jsonc.ts": {"lines":{"total":2,"covered":0,"skipped":0,"pct":0},"functions":{"total":1,"covered":0,"skipped":0,"pct":0},"statements":{"total":2,"covered":0,"skipped":0,"pct":0},"branches":{"total":0,"covered":0,"skipped":0,"pct":100}}
,"/home/syrokomskyi/projects/warpgogol/werkstatt/packages/werkstatt-engine/src/fingerprint/normalizers/markdown.ts": {"lines":{"total":19,"covered":19,"skipped":0,"pct":100},"functions":{"total":3,"covered":3,"skipped":0,"pct":100},"statements":{"total":20,"covered":20,"skipped":0,"pct":100},"branches":{"total":9,"covered":9,"skipped":0,"pct":100}}
,"/home/syrokomskyi/projects/warpgogol/werkstatt/packages/werkstatt-engine/src/fingerprint/normalizers/pdf.ts": {"lines":{"total":5,"covered":5,"skipped":0,"pct":100},"functions":{"total":1,"covered":1,"skipped":0,"pct":100},"statements":{"total":5,"covered":5,"skipped":0,"pct":100},"branches":{"total":0,"covered":0,"skipped":0,"pct":100}}
,"/home/syrokomskyi/projects/warpgogol/werkstatt/packages/werkstatt-engine/src/fingerprint/normalizers/sourcemap.ts": {"lines":{"total":17,"covered":17,"skipped":0,"pct":100},"functions":{"total":6,"covered":6,"skipped":0,"pct":100},"statements":{"total":18,"covered":18,"skipped":0,"pct":100},"branches":{"total":12,"covered":10,"skipped":0,"pct":83.33}}
,"/home/syrokomskyi/projects/warpgogol/werkstatt/packages/werkstatt-engine/src/fingerprint/normalizers/stable.ts": {"lines":{"total":13,"covered":13,"skipped":0,"pct":100},"functions":{"total":1,"covered":1,"skipped":0,"pct":100},"statements":{"total":13,"covered":13,"skipped":0,"pct":100},"branches":{"total":8,"covered":8,"skipped":0,"pct":100}}
,"/home/syrokomskyi/projects/warpgogol/werkstatt/packages/werkstatt-engine/src/fingerprint/normalizers/text.ts": {"lines":{"total":2,"covered":2,"skipped":0,"pct":100},"functions":{"total":1,"covered":1,"skipped":0,"pct":100},"statements":{"total":2,"covered":2,"skipped":0,"pct":100},"branches":{"total":0,"covered":0,"skipped":0,"pct":100}}
,"/home/syrokomskyi/projects/warpgogol/werkstatt/packages/werkstatt-engine/src/fingerprint/normalizers/typescript.ts": {"lines":{"total":2,"covered":2,"skipped":0,"pct":100},"functions":{"total":1,"covered":1,"skipped":0,"pct":100},"statements":{"total":2,"covered":2,"skipped":0,"pct":100},"branches":{"total":0,"covered":0,"skipped":0,"pct":100}}
,"/home/syrokomskyi/projects/warpgogol/werkstatt/packages/werkstatt-engine/src/fingerprint/normalizers/yaml.ts": {"lines":{"total":3,"covered":0,"skipped":0,"pct":0},"functions":{"total":1,"covered":0,"skipped":0,"pct":0},"statements":{"total":3,"covered":0,"skipped":0,"pct":0},"branches":{"total":0,"covered":0,"skipped":0,"pct":100}}
,"/home/syrokomskyi/projects/warpgogol/werkstatt/packages/werkstatt-engine/src/fingerprint/tests/fixtures/ts-comment.after.ts": {"lines":{"total":1,"covered":0,"skipped":0,"pct":0},"functions":{"total":0,"covered":0,"skipped":0,"pct":100},"statements":{"total":1,"covered":0,"skipped":0,"pct":0},"branches":{"total":0,"covered":0,"skipped":0,"pct":100}}
,"/home/syrokomskyi/projects/warpgogol/werkstatt/packages/werkstatt-engine/src/fingerprint/tests/fixtures/ts-comment.before.ts": {"lines":{"total":1,"covered":0,"skipped":0,"pct":0},"functions":{"total":0,"covered":0,"skipped":0,"pct":100},"statements":{"total":1,"covered":0,"skipped":0,"pct":0},"branches":{"total":0,"covered":0,"skipped":0,"pct":100}}
,"/home/syrokomskyi/projects/warpgogol/werkstatt/packages/werkstatt-engine/src/fingerprint/tests/fixtures/ts-meaningful.after.ts": {"lines":{"total":1,"covered":0,"skipped":0,"pct":0},"functions":{"total":0,"covered":0,"skipped":0,"pct":100},"statements":{"total":1,"covered":0,"skipped":0,"pct":0},"branches":{"total":0,"covered":0,"skipped":0,"pct":100}}
,"/home/syrokomskyi/projects/warpgogol/werkstatt/packages/werkstatt-engine/src/fingerprint/tests/fixtures/ts-meaningful.before.ts": {"lines":{"total":1,"covered":0,"skipped":0,"pct":0},"functions":{"total":0,"covered":0,"skipped":0,"pct":100},"statements":{"total":1,"covered":0,"skipped":0,"pct":0},"branches":{"total":0,"covered":0,"skipped":0,"pct":100}}
,"/home/syrokomskyi/projects/warpgogol/werkstatt/packages/werkstatt-engine/src/fleet/apply.ts": {"lines":{"total":191,"covered":4,"skipped":0,"pct":2.09},"functions":{"total":20,"covered":0,"skipped":0,"pct":0},"statements":{"total":209,"covered":4,"skipped":0,"pct":1.91},"branches":{"total":122,"covered":0,"skipped":0,"pct":0}}
,"/home/syrokomskyi/projects/warpgogol/werkstatt/packages/werkstatt-engine/src/fleet/fleet-sites-generate.ts": {"lines":{"total":44,"covered":41,"skipped":0,"pct":93.18},"functions":{"total":6,"covered":5,"skipped":0,"pct":83.33},"statements":{"total":46,"covered":42,"skipped":0,"pct":91.3},"branches":{"total":16,"covered":13,"skipped":0,"pct":81.25}}
,"/home/syrokomskyi/projects/warpgogol/werkstatt/packages/werkstatt-engine/src/fleet/fleet.module.ts": {"lines":{"total":4,"covered":0,"skipped":0,"pct":0},"functions":{"total":1,"covered":0,"skipped":0,"pct":0},"statements":{"total":4,"covered":0,"skipped":0,"pct":0},"branches":{"total":0,"covered":0,"skipped":0,"pct":100}}
,"/home/syrokomskyi/projects/warpgogol/werkstatt/packages/werkstatt-engine/src/fleet/ownership-commands.ts": {"lines":{"total":38,"covered":0,"skipped":0,"pct":0},"functions":{"total":5,"covered":0,"skipped":0,"pct":0},"statements":{"total":38,"covered":0,"skipped":0,"pct":0},"branches":{"total":32,"covered":0,"skipped":0,"pct":0}}
,"/home/syrokomskyi/projects/warpgogol/werkstatt/packages/werkstatt-engine/src/fleet/ownership-registry.ts": {"lines":{"total":68,"covered":1,"skipped":0,"pct":1.47},"functions":{"total":12,"covered":1,"skipped":0,"pct":8.33},"statements":{"total":71,"covered":1,"skipped":0,"pct":1.4},"branches":{"total":48,"covered":0,"skipped":0,"pct":0}}
,"/home/syrokomskyi/projects/warpgogol/werkstatt/packages/werkstatt-engine/src/handoff/absorb-report.ts": {"lines":{"total":12,"covered":0,"skipped":0,"pct":0},"functions":{"total":5,"covered":0,"skipped":0,"pct":0},"statements":{"total":13,"covered":0,"skipped":0,"pct":0},"branches":{"total":4,"covered":0,"skipped":0,"pct":0}}
,"/home/syrokomskyi/projects/warpgogol/werkstatt/packages/werkstatt-engine/src/handoff/authored-set.ts": {"lines":{"total":62,"covered":8,"skipped":0,"pct":12.9},"functions":{"total":7,"covered":1,"skipped":0,"pct":14.28},"statements":{"total":67,"covered":9,"skipped":0,"pct":13.43},"branches":{"total":41,"covered":8,"skipped":0,"pct":19.51}}
,"/home/syrokomskyi/projects/warpgogol/werkstatt/packages/werkstatt-engine/src/handoff/build-pipeline-helpers.ts": {"lines":{"total":28,"covered":11,"skipped":0,"pct":39.28},"functions":{"total":6,"covered":2,"skipped":0,"pct":33.33},"statements":{"total":28,"covered":11,"skipped":0,"pct":39.28},"branches":{"total":6,"covered":0,"skipped":0,"pct":0}}
,"/home/syrokomskyi/projects/warpgogol/werkstatt/packages/werkstatt-engine/src/handoff/bundle-io.ts": {"lines":{"total":30,"covered":8,"skipped":0,"pct":26.66},"functions":{"total":8,"covered":1,"skipped":0,"pct":12.5},"statements":{"total":31,"covered":8,"skipped":0,"pct":25.8},"branches":{"total":12,"covered":1,"skipped":0,"pct":8.33}}
,"/home/syrokomskyi/projects/warpgogol/werkstatt/packages/werkstatt-engine/src/handoff/capability-diff.ts": {"lines":{"total":19,"covered":19,"skipped":0,"pct":100},"functions":{"total":7,"covered":7,"skipped":0,"pct":100},"statements":{"total":24,"covered":22,"skipped":0,"pct":91.66},"branches":{"total":18,"covered":15,"skipped":0,"pct":83.33}}
,"/home/syrokomskyi/projects/warpgogol/werkstatt/packages/werkstatt-engine/src/handoff/derived-edits.ts": {"lines":{"total":11,"covered":4,"skipped":0,"pct":36.36},"functions":{"total":2,"covered":1,"skipped":0,"pct":50},"statements":{"total":13,"covered":5,"skipped":0,"pct":38.46},"branches":{"total":4,"covered":1,"skipped":0,"pct":25}}
,"/home/syrokomskyi/projects/warpgogol/werkstatt/packages/werkstatt-engine/src/handoff/guards.ts": {"lines":{"total":0,"covered":0,"skipped":0,"pct":100},"functions":{"total":0,"covered":0,"skipped":0,"pct":100},"statements":{"total":0,"covered":0,"skipped":0,"pct":100},"branches":{"total":0,"covered":0,"skipped":0,"pct":100}}
,"/home/syrokomskyi/projects/warpgogol/werkstatt/packages/werkstatt-engine/src/handoff/handoff-absorb.ts": {"lines":{"total":82,"covered":0,"skipped":0,"pct":0},"functions":{"total":5,"covered":0,"skipped":0,"pct":0},"statements":{"total":89,"covered":0,"skipped":0,"pct":0},"branches":{"total":53,"covered":0,"skipped":0,"pct":0}}
,"/home/syrokomskyi/projects/warpgogol/werkstatt/packages/werkstatt-engine/src/handoff/handoff-pack.ts": {"lines":{"total":93,"covered":2,"skipped":0,"pct":2.15},"functions":{"total":10,"covered":0,"skipped":0,"pct":0},"statements":{"total":98,"covered":2,"skipped":0,"pct":2.04},"branches":{"total":32,"covered":0,"skipped":0,"pct":0}}
,"/home/syrokomskyi/projects/warpgogol/werkstatt/packages/werkstatt-engine/src/handoff/handoff-validate.ts": {"lines":{"total":28,"covered":0,"skipped":0,"pct":0},"functions":{"total":2,"covered":0,"skipped":0,"pct":0},"statements":{"total":29,"covered":0,"skipped":0,"pct":0},"branches":{"total":10,"covered":0,"skipped":0,"pct":0}}
,"/home/syrokomskyi/projects/warpgogol/werkstatt/packages/werkstatt-engine/src/handoff/handoff.module.ts": {"lines":{"total":5,"covered":0,"skipped":0,"pct":0},"functions":{"total":1,"covered":0,"skipped":0,"pct":0},"statements":{"total":5,"covered":0,"skipped":0,"pct":0},"branches":{"total":0,"covered":0,"skipped":0,"pct":100}}
,"/home/syrokomskyi/projects/warpgogol/werkstatt/packages/werkstatt-engine/src/handoff/identity-module.ts": {"lines":{"total":5,"covered":0,"skipped":0,"pct":0},"functions":{"total":1,"covered":0,"skipped":0,"pct":0},"statements":{"total":5,"covered":0,"skipped":0,"pct":0},"branches":{"total":0,"covered":0,"skipped":0,"pct":100}}
,"/home/syrokomskyi/projects/warpgogol/werkstatt/packages/werkstatt-engine/src/handoff/materialize.ts": {"lines":{"total":43,"covered":4,"skipped":0,"pct":9.3},"functions":{"total":13,"covered":1,"skipped":0,"pct":7.69},"statements":{"total":52,"covered":5,"skipped":0,"pct":9.61},"branches":{"total":19,"covered":2,"skipped":0,"pct":10.52}}
,"/home/syrokomskyi/projects/warpgogol/werkstatt/packages/werkstatt-engine/src/handoff/migrator-registry-validate.ts": {"lines":{"total":28,"covered":0,"skipped":0,"pct":0},"functions":{"total":2,"covered":0,"skipped":0,"pct":0},"statements":{"total":30,"covered":0,"skipped":0,"pct":0},"branches":{"total":12,"covered":0,"skipped":0,"pct":0}}
,"/home/syrokomskyi/projects/warpgogol/werkstatt/packages/werkstatt-engine/src/handoff/platform-consistency.ts": {"lines":{"total":106,"covered":69,"skipped":0,"pct":65.09},"functions":{"total":11,"covered":8,"skipped":0,"pct":72.72},"statements":{"total":116,"covered":74,"skipped":0,"pct":63.79},"branches":{"total":85,"covered":38,"skipped":0,"pct":44.7}}
,"/home/syrokomskyi/projects/warpgogol/werkstatt/packages/werkstatt-engine/src/handoff/platform-module.ts": {"lines":{"total":2,"covered":0,"skipped":0,"pct":0},"functions":{"total":1,"covered":0,"skipped":0,"pct":0},"statements":{"total":2,"covered":0,"skipped":0,"pct":0},"branches":{"total":0,"covered":0,"skipped":0,"pct":100}}
,"/home/syrokomskyi/projects/warpgogol/werkstatt/packages/werkstatt-engine/src/handoff/platform-scope.ts": {"lines":{"total":0,"covered":0,"skipped":0,"pct":100},"functions":{"total":0,"covered":0,"skipped":0,"pct":100},"statements":{"total":0,"covered":0,"skipped":0,"pct":100},"branches":{"total":0,"covered":0,"skipped":0,"pct":100}}
,"/home/syrokomskyi/projects/warpgogol/werkstatt/packages/werkstatt-engine/src/handoff/semver.ts": {"lines":{"total":0,"covered":0,"skipped":0,"pct":100},"functions":{"total":0,"covered":0,"skipped":0,"pct":100},"statements":{"total":0,"covered":0,"skipped":0,"pct":100},"branches":{"total":0,"covered":0,"skipped":0,"pct":100}}
,"/home/syrokomskyi/projects/warpgogol/werkstatt/packages/werkstatt-engine/src/handoff/surface-contract.ts": {"lines":{"total":90,"covered":0,"skipped":0,"pct":0},"functions":{"total":9,"covered":0,"skipped":0,"pct":0},"statements":{"total":95,"covered":0,"skipped":0,"pct":0},"branches":{"total":62,"covered":0,"skipped":0,"pct":0}}
,"/home/syrokomskyi/projects/warpgogol/werkstatt/packages/werkstatt-engine/src/handoff/types.ts": {"lines":{"total":0,"covered":0,"skipped":0,"pct":100},"functions":{"total":0,"covered":0,"skipped":0,"pct":100},"statements":{"total":0,"covered":0,"skipped":0,"pct":100},"branches":{"total":0,"covered":0,"skipped":0,"pct":100}}
,"/home/syrokomskyi/projects/warpgogol/werkstatt/packages/werkstatt-engine/src/handoff/validation-pack.ts": {"lines":{"total":72,"covered":26,"skipped":0,"pct":36.11},"functions":{"total":11,"covered":4,"skipped":0,"pct":36.36},"statements":{"total":80,"covered":28,"skipped":0,"pct":35},"branches":{"total":56,"covered":23,"skipped":0,"pct":41.07}}
,"/home/syrokomskyi/projects/warpgogol/werkstatt/packages/werkstatt-engine/src/handoff/version-compare.ts": {"lines":{"total":10,"covered":10,"skipped":0,"pct":100},"functions":{"total":1,"covered":1,"skipped":0,"pct":100},"statements":{"total":10,"covered":10,"skipped":0,"pct":100},"branches":{"total":10,"covered":10,"skipped":0,"pct":100}}
,"/home/syrokomskyi/projects/warpgogol/werkstatt/packages/werkstatt-engine/src/identity/identity-bootstrap.ts": {"lines":{"total":17,"covered":17,"skipped":0,"pct":100},"functions":{"total":2,"covered":2,"skipped":0,"pct":100},"statements":{"total":19,"covered":17,"skipped":0,"pct":89.47},"branches":{"total":6,"covered":3,"skipped":0,"pct":50}}
,"/home/syrokomskyi/projects/warpgogol/werkstatt/packages/werkstatt-engine/src/identity/identity-credential-issue.ts": {"lines":{"total":33,"covered":28,"skipped":0,"pct":84.84},"functions":{"total":3,"covered":3,"skipped":0,"pct":100},"statements":{"total":37,"covered":29,"skipped":0,"pct":78.37},"branches":{"total":20,"covered":10,"skipped":0,"pct":50}}
,"/home/syrokomskyi/projects/warpgogol/werkstatt/packages/werkstatt-engine/src/identity/identity-credential-revoke.ts": {"lines":{"total":14,"covered":12,"skipped":0,"pct":85.71},"functions":{"total":2,"covered":2,"skipped":0,"pct":100},"statements":{"total":15,"covered":12,"skipped":0,"pct":80},"branches":{"total":8,"covered":4,"skipped":0,"pct":50}}
,"/home/syrokomskyi/projects/warpgogol/werkstatt/packages/werkstatt-engine/src/identity/identity-credential-verify.ts": {"lines":{"total":19,"covered":18,"skipped":0,"pct":94.73},"functions":{"total":2,"covered":2,"skipped":0,"pct":100},"statements":{"total":20,"covered":18,"skipped":0,"pct":90},"branches":{"total":16,"covered":12,"skipped":0,"pct":75}}
,"/home/syrokomskyi/projects/warpgogol/werkstatt/packages/werkstatt-engine/src/identity/identity-io.ts": {"lines":{"total":10,"covered":10,"skipped":0,"pct":100},"functions":{"total":7,"covered":7,"skipped":0,"pct":100},"statements":{"total":11,"covered":11,"skipped":0,"pct":100},"branches":{"total":0,"covered":0,"skipped":0,"pct":100}}
,"/home/syrokomskyi/projects/warpgogol/werkstatt/packages/werkstatt-engine/src/integrity/build.ts": {"lines":{"total":18,"covered":0,"skipped":0,"pct":0},"functions":{"total":5,"covered":0,"skipped":0,"pct":0},"statements":{"total":18,"covered":0,"skipped":0,"pct":0},"branches":{"total":5,"covered":0,"skipped":0,"pct":0}}
,"/home/syrokomskyi/projects/warpgogol/werkstatt/packages/werkstatt-engine/src/integrity/compass-audit-helpers.ts": {"lines":{"total":19,"covered":0,"skipped":0,"pct":0},"functions":{"total":1,"covered":0,"skipped":0,"pct":0},"statements":{"total":19,"covered":0,"skipped":0,"pct":0},"branches":{"total":4,"covered":0,"skipped":0,"pct":0}}
,"/home/syrokomskyi/projects/warpgogol/werkstatt/packages/werkstatt-engine/src/integrity/discover.ts": {"lines":{"total":19,"covered":0,"skipped":0,"pct":0},"functions":{"total":9,"covered":0,"skipped":0,"pct":0},"statements":{"total":20,"covered":0,"skipped":0,"pct":0},"branches":{"total":2,"covered":0,"skipped":0,"pct":0}}
,"/home/syrokomskyi/projects/warpgogol/werkstatt/packages/werkstatt-engine/src/integrity/fs.ts": {"lines":{"total":8,"covered":2,"skipped":0,"pct":25},"functions":{"total":5,"covered":2,"skipped":0,"pct":40},"statements":{"total":8,"covered":2,"skipped":0,"pct":25},"branches":{"total":0,"covered":0,"skipped":0,"pct":100}}
,"/home/syrokomskyi/projects/warpgogol/werkstatt/packages/werkstatt-engine/src/integrity/git.ts": {"lines":{"total":86,"covered":2,"skipped":0,"pct":2.32},"functions":{"total":16,"covered":0,"skipped":0,"pct":0},"statements":{"total":90,"covered":2,"skipped":0,"pct":2.22},"branches":{"total":67,"covered":0,"skipped":0,"pct":0}}
,"/home/syrokomskyi/projects/warpgogol/werkstatt/packages/werkstatt-engine/src/integrity/integrity-commands.ts": {"lines":{"total":98,"covered":0,"skipped":0,"pct":0},"functions":{"total":11,"covered":0,"skipped":0,"pct":0},"statements":{"total":98,"covered":0,"skipped":0,"pct":0},"branches":{"total":67,"covered":0,"skipped":0,"pct":0}}
,"/home/syrokomskyi/projects/warpgogol/werkstatt/packages/werkstatt-engine/src/integrity/internal-dist.ts": {"lines":{"total":5,"covered":0,"skipped":0,"pct":0},"functions":{"total":4,"covered":0,"skipped":0,"pct":0},"statements":{"total":6,"covered":0,"skipped":0,"pct":0},"branches":{"total":1,"covered":0,"skipped":0,"pct":0}}
,"/home/syrokomskyi/projects/warpgogol/werkstatt/packages/werkstatt-engine/src/integrity/json.ts": {"lines":{"total":12,"covered":9,"skipped":0,"pct":75},"functions":{"total":6,"covered":4,"skipped":0,"pct":66.66},"statements":{"total":12,"covered":9,"skipped":0,"pct":75},"branches":{"total":6,"covered":6,"skipped":0,"pct":100}}
,"/home/syrokomskyi/projects/warpgogol/werkstatt/packages/werkstatt-engine/src/integrity/manifests.ts": {"lines":{"total":13,"covered":0,"skipped":0,"pct":0},"functions":{"total":6,"covered":0,"skipped":0,"pct":0},"statements":{"total":14,"covered":0,"skipped":0,"pct":0},"branches":{"total":2,"covered":0,"skipped":0,"pct":0}}
,"/home/syrokomskyi/projects/warpgogol/werkstatt/packages/werkstatt-engine/src/integrity/module.ts": {"lines":{"total":1,"covered":1,"skipped":0,"pct":100},"functions":{"total":0,"covered":0,"skipped":0,"pct":100},"statements":{"total":1,"covered":1,"skipped":0,"pct":100},"branches":{"total":0,"covered":0,"skipped":0,"pct":100}}
,"/home/syrokomskyi/projects/warpgogol/werkstatt/packages/werkstatt-engine/src/integrity/move-detection.ts": {"lines":{"total":19,"covered":0,"skipped":0,"pct":0},"functions":{"total":3,"covered":0,"skipped":0,"pct":0},"statements":{"total":26,"covered":0,"skipped":0,"pct":0},"branches":{"total":12,"covered":0,"skipped":0,"pct":0}}
,"/home/syrokomskyi/projects/warpgogol/werkstatt/packages/werkstatt-engine/src/integrity/paths.ts": {"lines":{"total":20,"covered":17,"skipped":0,"pct":85},"functions":{"total":19,"covered":16,"skipped":0,"pct":84.21},"statements":{"total":20,"covered":17,"skipped":0,"pct":85},"branches":{"total":2,"covered":2,"skipped":0,"pct":100}}
,"/home/syrokomskyi/projects/warpgogol/werkstatt/packages/werkstatt-engine/src/integrity/policy.ts": {"lines":{"total":24,"covered":2,"skipped":0,"pct":8.33},"functions":{"total":8,"covered":0,"skipped":0,"pct":0},"statements":{"total":27,"covered":2,"skipped":0,"pct":7.4},"branches":{"total":6,"covered":0,"skipped":0,"pct":0}}
,"/home/syrokomskyi/projects/warpgogol/werkstatt/packages/werkstatt-engine/src/integrity/registry.ts": {"lines":{"total":18,"covered":0,"skipped":0,"pct":0},"functions":{"total":6,"covered":0,"skipped":0,"pct":0},"statements":{"total":20,"covered":0,"skipped":0,"pct":0},"branches":{"total":14,"covered":0,"skipped":0,"pct":0}}
,"/home/syrokomskyi/projects/warpgogol/werkstatt/packages/werkstatt-engine/src/integrity/run-backfill-revisions.ts": {"lines":{"total":45,"covered":0,"skipped":0,"pct":0},"functions":{"total":5,"covered":0,"skipped":0,"pct":0},"statements":{"total":47,"covered":0,"skipped":0,"pct":0},"branches":{"total":16,"covered":0,"skipped":0,"pct":0}}
,"/home/syrokomskyi/projects/warpgogol/werkstatt/packages/werkstatt-engine/src/integrity/run-init.ts": {"lines":{"total":32,"covered":0,"skipped":0,"pct":0},"functions":{"total":1,"covered":0,"skipped":0,"pct":0},"statements":{"total":33,"covered":0,"skipped":0,"pct":0},"branches":{"total":10,"covered":0,"skipped":0,"pct":0}}
,"/home/syrokomskyi/projects/warpgogol/werkstatt/packages/werkstatt-engine/src/integrity/run-record-build.ts": {"lines":{"total":8,"covered":0,"skipped":0,"pct":0},"functions":{"total":1,"covered":0,"skipped":0,"pct":0},"statements":{"total":8,"covered":0,"skipped":0,"pct":0},"branches":{"total":2,"covered":0,"skipped":0,"pct":0}}
,"/home/syrokomskyi/projects/warpgogol/werkstatt/packages/werkstatt-engine/src/integrity/run-update.ts": {"lines":{"total":157,"covered":0,"skipped":0,"pct":0},"functions":{"total":29,"covered":0,"skipped":0,"pct":0},"statements":{"total":173,"covered":0,"skipped":0,"pct":0},"branches":{"total":66,"covered":0,"skipped":0,"pct":0}}
,"/home/syrokomskyi/projects/warpgogol/werkstatt/packages/werkstatt-engine/src/integrity/run-verify.ts": {"lines":{"total":25,"covered":0,"skipped":0,"pct":0},"functions":{"total":3,"covered":0,"skipped":0,"pct":0},"statements":{"total":25,"covered":0,"skipped":0,"pct":0},"branches":{"total":6,"covered":0,"skipped":0,"pct":0}}
,"/home/syrokomskyi/projects/warpgogol/werkstatt/packages/werkstatt-engine/src/integrity/schema-validation.ts": {"lines":{"total":51,"covered":0,"skipped":0,"pct":0},"functions":{"total":6,"covered":0,"skipped":0,"pct":0},"statements":{"total":53,"covered":0,"skipped":0,"pct":0},"branches":{"total":26,"covered":0,"skipped":0,"pct":0}}
,"/home/syrokomskyi/projects/warpgogol/werkstatt/packages/werkstatt-engine/src/integrity/signing.ts": {"lines":{"total":130,"covered":40,"skipped":0,"pct":30.76},"functions":{"total":20,"covered":3,"skipped":0,"pct":15},"statements":{"total":131,"covered":41,"skipped":0,"pct":31.29},"branches":{"total":84,"covered":26,"skipped":0,"pct":30.95}}
,"/home/syrokomskyi/projects/warpgogol/werkstatt/packages/werkstatt-engine/src/integrity/types.ts": {"lines":{"total":0,"covered":0,"skipped":0,"pct":100},"functions":{"total":0,"covered":0,"skipped":0,"pct":100},"statements":{"total":0,"covered":0,"skipped":0,"pct":100},"branches":{"total":0,"covered":0,"skipped":0,"pct":100}}
,"/home/syrokomskyi/projects/warpgogol/werkstatt/packages/werkstatt-engine/src/integrity/verify.ts": {"lines":{"total":123,"covered":0,"skipped":0,"pct":0},"functions":{"total":11,"covered":0,"skipped":0,"pct":0},"statements":{"total":128,"covered":0,"skipped":0,"pct":0},"branches":{"total":112,"covered":0,"skipped":0,"pct":0}}
,"/home/syrokomskyi/projects/warpgogol/werkstatt/packages/werkstatt-engine/src/isolation/capability-bridge.ts": {"lines":{"total":41,"covered":40,"skipped":0,"pct":97.56},"functions":{"total":10,"covered":10,"skipped":0,"pct":100},"statements":{"total":41,"covered":40,"skipped":0,"pct":97.56},"branches":{"total":12,"covered":12,"skipped":0,"pct":100}}
,"/home/syrokomskyi/projects/warpgogol/werkstatt/packages/werkstatt-engine/src/isolation/conformance.ts": {"lines":{"total":33,"covered":33,"skipped":0,"pct":100},"functions":{"total":14,"covered":14,"skipped":0,"pct":100},"statements":{"total":38,"covered":38,"skipped":0,"pct":100},"branches":{"total":25,"covered":24,"skipped":0,"pct":96}}
,"/home/syrokomskyi/projects/warpgogol/werkstatt/packages/werkstatt-engine/src/isolation/contracts.ts": {"lines":{"total":2,"covered":2,"skipped":0,"pct":100},"functions":{"total":0,"covered":0,"skipped":0,"pct":100},"statements":{"total":2,"covered":2,"skipped":0,"pct":100},"branches":{"total":0,"covered":0,"skipped":0,"pct":100}}
,"/home/syrokomskyi/projects/warpgogol/werkstatt/packages/werkstatt-engine/src/isolation/isolation-commands.ts": {"lines":{"total":65,"covered":0,"skipped":0,"pct":0},"functions":{"total":16,"covered":0,"skipped":0,"pct":0},"statements":{"total":65,"covered":0,"skipped":0,"pct":0},"branches":{"total":26,"covered":0,"skipped":0,"pct":0}}
,"/home/syrokomskyi/projects/warpgogol/werkstatt/packages/werkstatt-engine/src/isolation/isolation-manager.ts": {"lines":{"total":53,"covered":52,"skipped":0,"pct":98.11},"functions":{"total":11,"covered":11,"skipped":0,"pct":100},"statements":{"total":54,"covered":53,"skipped":0,"pct":98.14},"branches":{"total":25,"covered":24,"skipped":0,"pct":96}}
,"/home/syrokomskyi/projects/warpgogol/werkstatt/packages/werkstatt-engine/src/isolation/isolation.module.ts": {"lines":{"total":3,"covered":0,"skipped":0,"pct":0},"functions":{"total":1,"covered":0,"skipped":0,"pct":0},"statements":{"total":3,"covered":0,"skipped":0,"pct":0},"branches":{"total":0,"covered":0,"skipped":0,"pct":100}}
,"/home/syrokomskyi/projects/warpgogol/werkstatt/packages/werkstatt-engine/src/isolation/schemas.ts": {"lines":{"total":34,"covered":29,"skipped":0,"pct":85.29},"functions":{"total":5,"covered":4,"skipped":0,"pct":80},"statements":{"total":37,"covered":31,"skipped":0,"pct":83.78},"branches":{"total":11,"covered":8,"skipped":0,"pct":72.72}}
,"/home/syrokomskyi/projects/warpgogol/werkstatt/packages/werkstatt-engine/src/isolation/broker/broker.ts": {"lines":{"total":42,"covered":39,"skipped":0,"pct":92.85},"functions":{"total":8,"covered":8,"skipped":0,"pct":100},"statements":{"total":43,"covered":40,"skipped":0,"pct":93.02},"branches":{"total":21,"covered":17,"skipped":0,"pct":80.95}}
,"/home/syrokomskyi/projects/warpgogol/werkstatt/packages/werkstatt-engine/src/isolation/providers/fake-sandbox.ts": {"lines":{"total":18,"covered":17,"skipped":0,"pct":94.44},"functions":{"total":8,"covered":7,"skipped":0,"pct":87.5},"statements":{"total":18,"covered":17,"skipped":0,"pct":94.44},"branches":{"total":2,"covered":2,"skipped":0,"pct":100}}
,"/home/syrokomskyi/projects/warpgogol/werkstatt/packages/werkstatt-engine/src/journal/check-blocking.ts": {"lines":{"total":5,"covered":4,"skipped":0,"pct":80},"functions":{"total":1,"covered":1,"skipped":0,"pct":100},"statements":{"total":5,"covered":4,"skipped":0,"pct":80},"branches":{"total":4,"covered":3,"skipped":0,"pct":75}}
,"/home/syrokomskyi/projects/warpgogol/werkstatt/packages/werkstatt-engine/src/journal/jsonl.ts": {"lines":{"total":46,"covered":45,"skipped":0,"pct":97.82},"functions":{"total":8,"covered":8,"skipped":0,"pct":100},"statements":{"total":49,"covered":48,"skipped":0,"pct":97.95},"branches":{"total":28,"covered":26,"skipped":0,"pct":92.85}}
,"/home/syrokomskyi/projects/warpgogol/werkstatt/packages/werkstatt-engine/src/journal/runner.ts": {"lines":{"total":79,"covered":79,"skipped":0,"pct":100},"functions":{"total":6,"covered":6,"skipped":0,"pct":100},"statements":{"total":81,"covered":80,"skipped":0,"pct":98.76},"branches":{"total":59,"covered":56,"skipped":0,"pct":94.91}}
,"/home/syrokomskyi/projects/warpgogol/werkstatt/packages/werkstatt-engine/src/journal/types.ts": {"lines":{"total":0,"covered":0,"skipped":0,"pct":100},"functions":{"total":0,"covered":0,"skipped":0,"pct":100},"statements":{"total":0,"covered":0,"skipped":0,"pct":100},"branches":{"total":0,"covered":0,"skipped":0,"pct":100}}
,"/home/syrokomskyi/projects/warpgogol/werkstatt/packages/werkstatt-engine/src/kernel/change-impact.module.ts": {"lines":{"total":2,"covered":0,"skipped":0,"pct":0},"functions":{"total":1,"covered":0,"skipped":0,"pct":0},"statements":{"total":2,"covered":0,"skipped":0,"pct":0},"branches":{"total":0,"covered":0,"skipped":0,"pct":100}}
,"/home/syrokomskyi/projects/warpgogol/werkstatt/packages/werkstatt-engine/src/kernel/change-impact.ts": {"lines":{"total":98,"covered":2,"skipped":0,"pct":2.04},"functions":{"total":12,"covered":0,"skipped":0,"pct":0},"statements":{"total":108,"covered":2,"skipped":0,"pct":1.85},"branches":{"total":53,"covered":0,"skipped":0,"pct":0}}
,"/home/syrokomskyi/projects/warpgogol/werkstatt/packages/werkstatt-engine/src/kernel/command-manifest.module.ts": {"lines":{"total":2,"covered":0,"skipped":0,"pct":0},"functions":{"total":1,"covered":0,"skipped":0,"pct":0},"statements":{"total":2,"covered":0,"skipped":0,"pct":0},"branches":{"total":0,"covered":0,"skipped":0,"pct":100}}
,"/home/syrokomskyi/projects/warpgogol/werkstatt/packages/werkstatt-engine/src/kernel/command-manifest.ts": {"lines":{"total":52,"covered":46,"skipped":0,"pct":88.46},"functions":{"total":12,"covered":12,"skipped":0,"pct":100},"statements":{"total":54,"covered":48,"skipped":0,"pct":88.88},"branches":{"total":46,"covered":39,"skipped":0,"pct":84.78}}
,"/home/syrokomskyi/projects/warpgogol/werkstatt/packages/werkstatt-engine/src/kernel/commit-message-lint.ts": {"lines":{"total":67,"covered":62,"skipped":0,"pct":92.53},"functions":{"total":14,"covered":14,"skipped":0,"pct":100},"statements":{"total":72,"covered":66,"skipped":0,"pct":91.66},"branches":{"total":52,"covered":44,"skipped":0,"pct":84.61}}
,"/home/syrokomskyi/projects/warpgogol/werkstatt/packages/werkstatt-engine/src/kernel/commit-message.module.ts": {"lines":{"total":2,"covered":0,"skipped":0,"pct":0},"functions":{"total":1,"covered":0,"skipped":0,"pct":0},"statements":{"total":2,"covered":0,"skipped":0,"pct":0},"branches":{"total":0,"covered":0,"skipped":0,"pct":100}}
,"/home/syrokomskyi/projects/warpgogol/werkstatt/packages/werkstatt-engine/src/kernel/compass-inventory.ts": {"lines":{"total":0,"covered":0,"skipped":0,"pct":100},"functions":{"total":0,"covered":0,"skipped":0,"pct":100},"statements":{"total":0,"covered":0,"skipped":0,"pct":100},"branches":{"total":0,"covered":0,"skipped":0,"pct":100}}
,"/home/syrokomskyi/projects/warpgogol/werkstatt/packages/werkstatt-engine/src/kernel/discovery.ts": {"lines":{"total":55,"covered":36,"skipped":0,"pct":65.45},"functions":{"total":6,"covered":5,"skipped":0,"pct":83.33},"statements":{"total":56,"covered":37,"skipped":0,"pct":66.07},"branches":{"total":34,"covered":14,"skipped":0,"pct":41.17}}
,"/home/syrokomskyi/projects/warpgogol/werkstatt/packages/werkstatt-engine/src/kernel/fs-atomic.ts": {"lines":{"total":34,"covered":31,"skipped":0,"pct":91.17},"functions":{"total":6,"covered":6,"skipped":0,"pct":100},"statements":{"total":36,"covered":32,"skipped":0,"pct":88.88},"branches":{"total":18,"covered":15,"skipped":0,"pct":83.33}}
,"/home/syrokomskyi/projects/warpgogol/werkstatt/packages/werkstatt-engine/src/kernel/fs-idempotent.ts": {"lines":{"total":0,"covered":0,"skipped":0,"pct":100},"functions":{"total":0,"covered":0,"skipped":0,"pct":100},"statements":{"total":0,"covered":0,"skipped":0,"pct":100},"branches":{"total":0,"covered":0,"skipped":0,"pct":100}}
,"/home/syrokomskyi/projects/warpgogol/werkstatt/packages/werkstatt-engine/src/kernel/generated-marker.ts": {"lines":{"total":50,"covered":43,"skipped":0,"pct":86},"functions":{"total":12,"covered":11,"skipped":0,"pct":91.66},"statements":{"total":57,"covered":50,"skipped":0,"pct":87.71},"branches":{"total":34,"covered":31,"skipped":0,"pct":91.17}}
,"/home/syrokomskyi/projects/warpgogol/werkstatt/packages/werkstatt-engine/src/kernel/logger.ts": {"lines":{"total":54,"covered":25,"skipped":0,"pct":46.29},"functions":{"total":11,"covered":8,"skipped":0,"pct":72.72},"statements":{"total":59,"covered":25,"skipped":0,"pct":42.37},"branches":{"total":50,"covered":9,"skipped":0,"pct":18}}
,"/home/syrokomskyi/projects/warpgogol/werkstatt/packages/werkstatt-engine/src/kernel/mission-resolver.ts": {"lines":{"total":7,"covered":7,"skipped":0,"pct":100},"functions":{"total":1,"covered":1,"skipped":0,"pct":100},"statements":{"total":9,"covered":8,"skipped":0,"pct":88.88},"branches":{"total":4,"covered":3,"skipped":0,"pct":75}}
[...]
,"/home/syrokomskyi/projects/warpgogol/werkstatt/packages/werkstatt-engine/src/scope/scope.module.ts": {"lines":{"total":3,"covered":0,"skipped":0,"pct":0},"functions":{"total":1,"covered":0,"skipped":0,"pct":0},"statements":{"total":3,"covered":0,"skipped":0,"pct":0},"branches":{"total":0,"covered":0,"skipped":0,"pct":100}}
,"/home/syrokomskyi/projects/warpgogol/werkstatt/packages/werkstatt-engine/src/scope/scope.ts": {"lines":{"total":119,"covered":118,"skipped":0,"pct":99.15},"functions":{"total":27,"covered":27,"skipped":0,"pct":100},"statements":{"total":135,"covered":129,"skipped":0,"pct":95.55},"branches":{"total":81,"covered":71,"skipped":0,"pct":87.65}}
,"/home/syrokomskyi/projects/warpgogol/werkstatt/packages/werkstatt-engine/src/sichtpass/sichtpass-generate.ts": {"lines":{"total":124,"covered":105,"skipped":0,"pct":84.67},"functions":{"total":16,"covered":15,"skipped":0,"pct":93.75},"statements":{"total":131,"covered":109,"skipped":0,"pct":83.2},"branches":{"total":70,"covered":48,"skipped":0,"pct":68.57}}
,"/home/syrokomskyi/projects/warpgogol/werkstatt/packages/werkstatt-engine/src/sichtpass/sichtpass-snapshot.ts": {"lines":{"total":0,"covered":0,"skipped":0,"pct":100},"functions":{"total":0,"covered":0,"skipped":0,"pct":100},"statements":{"total":0,"covered":0,"skipped":0,"pct":100},"branches":{"total":0,"covered":0,"skipped":0,"pct":100}}
,"/home/syrokomskyi/projects/warpgogol/werkstatt/packages/werkstatt-engine/src/sichtpass/sichtpass.module.ts": {"lines":{"total":2,"covered":0,"skipped":0,"pct":0},"functions":{"total":1,"covered":0,"skipped":0,"pct":0},"statements":{"total":2,"covered":0,"skipped":0,"pct":0},"branches":{"total":0,"covered":0,"skipped":0,"pct":100}}
,"/home/syrokomskyi/projects/warpgogol/werkstatt/packages/werkstatt-engine/src/signing/key.ts": {"lines":{"total":48,"covered":14,"skipped":0,"pct":29.16},"functions":{"total":12,"covered":7,"skipped":0,"pct":58.33},"statements":{"total":48,"covered":14,"skipped":0,"pct":29.16},"branches":{"total":30,"covered":4,"skipped":0,"pct":13.33}}
,"/home/syrokomskyi/projects/warpgogol/werkstatt/packages/werkstatt-engine/src/signing/sign.ts": {"lines":{"total":10,"covered":8,"skipped":0,"pct":80},"functions":{"total":5,"covered":5,"skipped":0,"pct":100},"statements":{"total":10,"covered":8,"skipped":0,"pct":80},"branches":{"total":2,"covered":1,"skipped":0,"pct":50}}
,"/home/syrokomskyi/projects/warpgogol/werkstatt/packages/werkstatt-engine/src/signing/signing-commands.ts": {"lines":{"total":15,"covered":0,"skipped":0,"pct":0},"functions":{"total":3,"covered":0,"skipped":0,"pct":0},"statements":{"total":16,"covered":0,"skipped":0,"pct":0},"branches":{"total":18,"covered":0,"skipped":0,"pct":0}}
,"/home/syrokomskyi/projects/warpgogol/werkstatt/packages/werkstatt-engine/src/signing/signing.module.ts": {"lines":{"total":2,"covered":0,"skipped":0,"pct":0},"functions":{"total":1,"covered":0,"skipped":0,"pct":0},"statements":{"total":2,"covered":0,"skipped":0,"pct":0},"branches":{"total":0,"covered":0,"skipped":0,"pct":100}}
,"/home/syrokomskyi/projects/warpgogol/werkstatt/packages/werkstatt-engine/src/signing/types.ts": {"lines":{"total":0,"covered":0,"skipped":0,"pct":100},"functions":{"total":0,"covered":0,"skipped":0,"pct":100},"statements":{"total":0,"covered":0,"skipped":0,"pct":100},"branches":{"total":0,"covered":0,"skipped":0,"pct":100}}
,"/home/syrokomskyi/projects/warpgogol/werkstatt/packages/werkstatt-engine/src/sternsystem/external-edit-collector.ts": {"lines":{"total":25,"covered":3,"skipped":0,"pct":12},"functions":{"total":7,"covered":1,"skipped":0,"pct":14.28},"statements":{"total":27,"covered":3,"skipped":0,"pct":11.11},"branches":{"total":8,"covered":1,"skipped":0,"pct":12.5}}
,"/home/syrokomskyi/projects/warpgogol/werkstatt/packages/werkstatt-engine/src/sternsystem/external-edit-guard.ts": {"lines":{"total":11,"covered":11,"skipped":0,"pct":100},"functions":{"total":2,"covered":2,"skipped":0,"pct":100},"statements":{"total":12,"covered":12,"skipped":0,"pct":100},"branches":{"total":6,"covered":5,"skipped":0,"pct":83.33}}
,"/home/syrokomskyi/projects/warpgogol/werkstatt/packages/werkstatt-engine/src/sternsystem/handover.ts": {"lines":{"total":52,"covered":46,"skipped":0,"pct":88.46},"functions":{"total":10,"covered":9,"skipped":0,"pct":90},"statements":{"total":55,"covered":48,"skipped":0,"pct":87.27},"branches":{"total":23,"covered":16,"skipped":0,"pct":69.56}}
,"/home/syrokomskyi/projects/warpgogol/werkstatt/packages/werkstatt-engine/src/sternsystem/passport.ts": {"lines":{"total":84,"covered":77,"skipped":0,"pct":91.66},"functions":{"total":13,"covered":12,"skipped":0,"pct":92.3},"statements":{"total":92,"covered":83,"skipped":0,"pct":90.21},"branches":{"total":54,"covered":42,"skipped":0,"pct":77.77}}
,"/home/syrokomskyi/projects/warpgogol/werkstatt/packages/werkstatt-engine/src/sternsystem/pin-helpers.ts": {"lines":{"total":15,"covered":13,"skipped":0,"pct":86.66},"functions":{"total":4,"covered":4,"skipped":0,"pct":100},"statements":{"total":16,"covered":14,"skipped":0,"pct":87.5},"branches":{"total":10,"covered":5,"skipped":0,"pct":50}}
,"/home/syrokomskyi/projects/warpgogol/werkstatt/packages/werkstatt-engine/src/sternsystem/registry-io.ts": {"lines":{"total":149,"covered":117,"skipped":0,"pct":78.52},"functions":{"total":27,"covered":21,"skipped":0,"pct":77.77},"statements":{"total":163,"covered":127,"skipped":0,"pct":77.91},"branches":{"total":65,"covered":51,"skipped":0,"pct":78.46}}
,"/home/syrokomskyi/projects/warpgogol/werkstatt/packages/werkstatt-engine/src/sternsystem/sternsystem-discover.ts": {"lines":{"total":8,"covered":0,"skipped":0,"pct":0},"functions":{"total":2,"covered":0,"skipped":0,"pct":0},"statements":{"total":9,"covered":0,"skipped":0,"pct":0},"branches":{"total":6,"covered":0,"skipped":0,"pct":0}}
,"/home/syrokomskyi/projects/warpgogol/werkstatt/packages/werkstatt-engine/src/sternsystem/sternsystem-extract.ts": {"lines":{"total":54,"covered":1,"skipped":0,"pct":1.85},"functions":{"total":4,"covered":0,"skipped":0,"pct":0},"statements":{"total":56,"covered":1,"skipped":0,"pct":1.78},"branches":{"total":24,"covered":0,"skipped":0,"pct":0}}
,"/home/syrokomskyi/projects/warpgogol/werkstatt/packages/werkstatt-engine/src/sternsystem/sternsystem-handover-cancel.ts": {"lines":{"total":16,"covered":0,"skipped":0,"pct":0},"functions":{"total":2,"covered":0,"skipped":0,"pct":0},"statements":{"total":16,"covered":0,"skipped":0,"pct":0},"branches":{"total":8,"covered":0,"skipped":0,"pct":0}}
,"/home/syrokomskyi/projects/warpgogol/werkstatt/packages/werkstatt-engine/src/sternsystem/sternsystem-handover-complete.ts": {"lines":{"total":78,"covered":50,"skipped":0,"pct":64.1},"functions":{"total":4,"covered":4,"skipped":0,"pct":100},"statements":{"total":78,"covered":50,"skipped":0,"pct":64.1},"branches":{"total":42,"covered":26,"skipped":0,"pct":61.9}}
,"/home/syrokomskyi/projects/warpgogol/werkstatt/packages/werkstatt-engine/src/sternsystem/sternsystem-handover-prepare.ts": {"lines":{"total":55,"covered":47,"skipped":0,"pct":85.45},"functions":{"total":4,"covered":4,"skipped":0,"pct":100},"statements":{"total":55,"covered":47,"skipped":0,"pct":85.45},"branches":{"total":24,"covered":12,"skipped":0,"pct":50}}
,"/home/syrokomskyi/projects/warpgogol/werkstatt/packages/werkstatt-engine/src/sternsystem/sternsystem-list.ts": {"lines":{"total":8,"covered":8,"skipped":0,"pct":100},"functions":{"total":2,"covered":2,"skipped":0,"pct":100},"statements":{"total":8,"covered":8,"skipped":0,"pct":100},"branches":{"total":4,"covered":2,"skipped":0,"pct":50}}
,"/home/syrokomskyi/projects/warpgogol/werkstatt/packages/werkstatt-engine/src/sternsystem/sternsystem-passport-generate.ts": {"lines":{"total":45,"covered":0,"skipped":0,"pct":0},"functions":{"total":3,"covered":0,"skipped":0,"pct":0},"statements":{"total":45,"covered":0,"skipped":0,"pct":0},"branches":{"total":20,"covered":0,"skipped":0,"pct":0}}
,"/home/syrokomskyi/projects/warpgogol/werkstatt/packages/werkstatt-engine/src/sternsystem/sternsystem-passport-verify.ts": {"lines":{"total":34,"covered":0,"skipped":0,"pct":0},"functions":{"total":3,"covered":0,"skipped":0,"pct":0},"statements":{"total":34,"covered":0,"skipped":0,"pct":0},"branches":{"total":38,"covered":0,"skipped":0,"pct":0}}
,"/home/syrokomskyi/projects/warpgogol/werkstatt/packages/werkstatt-engine/src/sternsystem/sternsystem-pin.ts": {"lines":{"total":42,"covered":41,"skipped":0,"pct":97.61},"functions":{"total":3,"covered":3,"skipped":0,"pct":100},"statements":{"total":46,"covered":43,"skipped":0,"pct":93.47},"branches":{"total":28,"covered":23,"skipped":0,"pct":82.14}}
,"/home/syrokomskyi/projects/warpgogol/werkstatt/packages/werkstatt-engine/src/sternsystem/sternsystem-register.ts": {"lines":{"total":125,"covered":88,"skipped":0,"pct":70.4},"functions":{"total":14,"covered":13,"skipped":0,"pct":92.85},"statements":{"total":134,"covered":93,"skipped":0,"pct":69.4},"branches":{"total":79,"covered":45,"skipped":0,"pct":56.96}}
,"/home/syrokomskyi/projects/warpgogol/werkstatt/packages/werkstatt-engine/src/sternsystem/sternsystem-status.ts": {"lines":{"total":72,"covered":0,"skipped":0,"pct":0},"functions":{"total":8,"covered":0,"skipped":0,"pct":0},"statements":{"total":75,"covered":0,"skipped":0,"pct":0},"branches":{"total":45,"covered":0,"skipped":0,"pct":0}}
,"/home/syrokomskyi/projects/warpgogol/werkstatt/packages/werkstatt-engine/src/sternsystem/sternsystem-sync.ts": {"lines":{"total":94,"covered":0,"skipped":0,"pct":0},"functions":{"total":9,"covered":0,"skipped":0,"pct":0},"statements":{"total":99,"covered":0,"skipped":0,"pct":0},"branches":{"total":47,"covered":0,"skipped":0,"pct":0}}
,"/home/syrokomskyi/projects/warpgogol/werkstatt/packages/werkstatt-engine/src/sternsystem/sternsystem-validate.ts": {"lines":{"total":245,"covered":182,"skipped":0,"pct":74.28},"functions":{"total":8,"covered":7,"skipped":0,"pct":87.5},"statements":{"total":254,"covered":188,"skipped":0,"pct":74.01},"branches":{"total":177,"covered":113,"skipped":0,"pct":63.84}}
,"/home/syrokomskyi/projects/warpgogol/werkstatt/packages/werkstatt-engine/src/sternsystem/sternsystem.module.ts": {"lines":{"total":14,"covered":0,"skipped":0,"pct":0},"functions":{"total":1,"covered":0,"skipped":0,"pct":0},"statements":{"total":14,"covered":0,"skipped":0,"pct":0},"branches":{"total":0,"covered":0,"skipped":0,"pct":100}}
,"/home/syrokomskyi/projects/warpgogol/werkstatt/packages/werkstatt-engine/src/sternsystem/test-helpers.ts": {"lines":{"total":20,"covered":20,"skipped":0,"pct":100},"functions":{"total":9,"covered":7,"skipped":0,"pct":77.77},"statements":{"total":20,"covered":20,"skipped":0,"pct":100},"branches":{"total":2,"covered":2,"skipped":0,"pct":100}}
,"/home/syrokomskyi/projects/warpgogol/werkstatt/packages/werkstatt-engine/src/subdomain/subdomain-helpers.ts": {"lines":{"total":36,"covered":32,"skipped":0,"pct":88.88},"functions":{"total":11,"covered":11,"skipped":0,"pct":100},"statements":{"total":42,"covered":37,"skipped":0,"pct":88.09},"branches":{"total":24,"covered":20,"skipped":0,"pct":83.33}}
,"/home/syrokomskyi/projects/warpgogol/werkstatt/packages/werkstatt-engine/src/subdomain/subdomain-list.ts": {"lines":{"total":25,"covered":25,"skipped":0,"pct":100},"functions":{"total":3,"covered":3,"skipped":0,"pct":100},"statements":{"total":28,"covered":28,"skipped":0,"pct":100},"branches":{"total":8,"covered":8,"skipped":0,"pct":100}}
,"/home/syrokomskyi/projects/warpgogol/werkstatt/packages/werkstatt-engine/src/subdomain/subdomain-register.ts": {"lines":{"total":39,"covered":38,"skipped":0,"pct":97.43},"functions":{"total":3,"covered":3,"skipped":0,"pct":100},"statements":{"total":42,"covered":40,"skipped":0,"pct":95.23},"branches":{"total":29,"covered":25,"skipped":0,"pct":86.2}}
,"/home/syrokomskyi/projects/warpgogol/werkstatt/packages/werkstatt-engine/src/subdomain/subdomain-validate.ts": {"lines":{"total":27,"covered":26,"skipped":0,"pct":96.29},"functions":{"total":3,"covered":3,"skipped":0,"pct":100},"statements":{"total":30,"covered":28,"skipped":0,"pct":93.33},"branches":{"total":34,"covered":32,"skipped":0,"pct":94.11}}
,"/home/syrokomskyi/projects/warpgogol/werkstatt/packages/werkstatt-engine/src/subdomain/subdomain.module.ts": {"lines":{"total":4,"covered":0,"skipped":0,"pct":0},"functions":{"total":1,"covered":0,"skipped":0,"pct":0},"statements":{"total":4,"covered":0,"skipped":0,"pct":0},"branches":{"total":0,"covered":0,"skipped":0,"pct":100}}
,"/home/syrokomskyi/projects/warpgogol/werkstatt/packages/werkstatt-engine/src/testing/boot/types.ts": {"lines":{"total":0,"covered":0,"skipped":0,"pct":100},"functions":{"total":0,"covered":0,"skipped":0,"pct":100},"statements":{"total":0,"covered":0,"skipped":0,"pct":100},"branches":{"total":0,"covered":0,"skipped":0,"pct":100}}
,"/home/syrokomskyi/projects/warpgogol/werkstatt/packages/werkstatt-engine/src/testing/e2e/types.ts": {"lines":{"total":0,"covered":0,"skipped":0,"pct":100},"functions":{"total":0,"covered":0,"skipped":0,"pct":100},"statements":{"total":0,"covered":0,"skipped":0,"pct":100},"branches":{"total":0,"covered":0,"skipped":0,"pct":100}}
,"/home/syrokomskyi/projects/warpgogol/werkstatt/packages/werkstatt-engine/src/testing/integration/types.ts": {"lines":{"total":0,"covered":0,"skipped":0,"pct":100},"functions":{"total":0,"covered":0,"skipped":0,"pct":100},"statements":{"total":0,"covered":0,"skipped":0,"pct":100},"branches":{"total":0,"covered":0,"skipped":0,"pct":100}}
,"/home/syrokomskyi/projects/warpgogol/werkstatt/packages/werkstatt-engine/src/testing/smoke/types.ts": {"lines":{"total":0,"covered":0,"skipped":0,"pct":100},"functions":{"total":0,"covered":0,"skipped":0,"pct":100},"statements":{"total":0,"covered":0,"skipped":0,"pct":100},"branches":{"total":0,"covered":0,"skipped":0,"pct":100}}
,"/home/syrokomskyi/projects/warpgogol/werkstatt/packages/werkstatt-engine/src/tests-handoff/composite-phase-assert.ts": {"lines":{"total":9,"covered":7,"skipped":0,"pct":77.77},"functions":{"total":6,"covered":5,"skipped":0,"pct":83.33},"statements":{"total":10,"covered":8,"skipped":0,"pct":80},"branches":{"total":4,"covered":3,"skipped":0,"pct":75}}
,"/home/syrokomskyi/projects/warpgogol/werkstatt/packages/werkstatt-engine/src/tests-handoff/helpers/cloudflare-api-mock.ts": {"lines":{"total":29,"covered":26,"skipped":0,"pct":89.65},"functions":{"total":9,"covered":9,"skipped":0,"pct":100},"statements":{"total":29,"covered":26,"skipped":0,"pct":89.65},"branches":{"total":60,"covered":46,"skipped":0,"pct":76.66}}
,"/home/syrokomskyi/projects/warpgogol/werkstatt/packages/werkstatt-engine/src/tests-handoff/helpers/kernel-result-helpers.ts": {"lines":{"total":3,"covered":2,"skipped":0,"pct":66.66},"functions":{"total":1,"covered":1,"skipped":0,"pct":100},"statements":{"total":3,"covered":2,"skipped":0,"pct":66.66},"branches":{"total":4,"covered":1,"skipped":0,"pct":25}}
,"/home/syrokomskyi/projects/warpgogol/werkstatt/packages/werkstatt-engine/src/tests-handoff/helpers/leitstand-fixture.ts": {"lines":{"total":15,"covered":15,"skipped":0,"pct":100},"functions":{"total":3,"covered":3,"skipped":0,"pct":100},"statements":{"total":15,"covered":15,"skipped":0,"pct":100},"branches":{"total":11,"covered":6,"skipped":0,"pct":54.54}}
,"/home/syrokomskyi/projects/warpgogol/werkstatt/packages/werkstatt-engine/src/tests-handoff/helpers/materialize-fixture.ts": {"lines":{"total":32,"covered":32,"skipped":0,"pct":100},"functions":{"total":4,"covered":4,"skipped":0,"pct":100},"statements":{"total":32,"covered":32,"skipped":0,"pct":100},"branches":{"total":0,"covered":0,"skipped":0,"pct":100}}
,"/home/syrokomskyi/projects/warpgogol/werkstatt/packages/werkstatt-engine/src/tests-handoff/helpers/registry-builder.ts": {"lines":{"total":16,"covered":15,"skipped":0,"pct":93.75},"functions":{"total":3,"covered":3,"skipped":0,"pct":100},"statements":{"total":16,"covered":15,"skipped":0,"pct":93.75},"branches":{"total":18,"covered":14,"skipped":0,"pct":77.77}}
,"/home/syrokomskyi/projects/warpgogol/werkstatt/packages/werkstatt-engine/src/tests-handoff/helpers/transition-block-helpers.ts": {"lines":{"total":4,"covered":0,"skipped":0,"pct":0},"functions":{"total":1,"covered":0,"skipped":0,"pct":0},"statements":{"total":4,"covered":0,"skipped":0,"pct":0},"branches":{"total":10,"covered":0,"skipped":0,"pct":0}}
,"/home/syrokomskyi/projects/warpgogol/werkstatt/packages/werkstatt-engine/src/werkstatt/atomic.ts": {"lines":{"total":38,"covered":25,"skipped":0,"pct":65.78},"functions":{"total":7,"covered":4,"skipped":0,"pct":57.14},"statements":{"total":41,"covered":26,"skipped":0,"pct":63.41},"branches":{"total":21,"covered":12,"skipped":0,"pct":57.14}}
,"/home/syrokomskyi/projects/warpgogol/werkstatt/packages/werkstatt-engine/src/werkstatt/git-exec.ts": {"lines":{"total":25,"covered":25,"skipped":0,"pct":100},"functions":{"total":5,"covered":5,"skipped":0,"pct":100},"statements":{"total":34,"covered":29,"skipped":0,"pct":85.29},"branches":{"total":32,"covered":23,"skipped":0,"pct":71.87}}
,"/home/syrokomskyi/projects/warpgogol/werkstatt/packages/werkstatt-engine/src/werkstatt/lock.ts": {"lines":{"total":0,"covered":0,"skipped":0,"pct":100},"functions":{"total":0,"covered":0,"skipped":0,"pct":100},"statements":{"total":0,"covered":0,"skipped":0,"pct":100},"branches":{"total":0,"covered":0,"skipped":0,"pct":100}}
,"/home/syrokomskyi/projects/warpgogol/werkstatt/packages/werkstatt-engine/src/werkstatt/operation.ts": {"lines":{"total":50,"covered":4,"skipped":0,"pct":8},"functions":{"total":9,"covered":1,"skipped":0,"pct":11.11},"statements":{"total":51,"covered":4,"skipped":0,"pct":7.84},"branches":{"total":10,"covered":0,"skipped":0,"pct":0}}
,"/home/syrokomskyi/projects/warpgogol/werkstatt/packages/werkstatt-engine/src/werkstatt/werkstatt-commit.ts": {"lines":{"total":11,"covered":11,"skipped":0,"pct":100},"functions":{"total":1,"covered":1,"skipped":0,"pct":100},"statements":{"total":11,"covered":11,"skipped":0,"pct":100},"branches":{"total":2,"covered":2,"skipped":0,"pct":100}}
,"/home/syrokomskyi/projects/warpgogol/werkstatt/packages/werkstatt-engine/src/werkstatt/werkstatt-lock-recover.ts": {"lines":{"total":0,"covered":0,"skipped":0,"pct":100},"functions":{"total":0,"covered":0,"skipped":0,"pct":100},"statements":{"total":0,"covered":0,"skipped":0,"pct":100},"branches":{"total":0,"covered":0,"skipped":0,"pct":100}}
,"/home/syrokomskyi/projects/warpgogol/werkstatt/packages/werkstatt-engine/src/werkstatt/werkstatt-lock-status.ts": {"lines":{"total":0,"covered":0,"skipped":0,"pct":100},"functions":{"total":0,"covered":0,"skipped":0,"pct":100},"statements":{"total":0,"covered":0,"skipped":0,"pct":100},"branches":{"total":0,"covered":0,"skipped":0,"pct":100}}
,"/home/syrokomskyi/projects/warpgogol/werkstatt/packages/werkstatt-engine/src/workpiece/dna-22-checker.ts": {"lines":{"total":19,"covered":18,"skipped":0,"pct":94.73},"functions":{"total":3,"covered":2,"skipped":0,"pct":66.66},"statements":{"total":21,"covered":20,"skipped":0,"pct":95.23},"branches":{"total":18,"covered":17,"skipped":0,"pct":94.44}}
,"/home/syrokomskyi/projects/warpgogol/werkstatt/packages/werkstatt-engine/src/workpiece/workpiece-read.ts": {"lines":{"total":30,"covered":29,"skipped":0,"pct":96.66},"functions":{"total":2,"covered":2,"skipped":0,"pct":100},"statements":{"total":30,"covered":29,"skipped":0,"pct":96.66},"branches":{"total":18,"covered":17,"skipped":0,"pct":94.44}}
,"/home/syrokomskyi/projects/warpgogol/werkstatt/packages/werkstatt-engine/src/workpiece/workpiece-write.ts": {"lines":{"total":37,"covered":34,"skipped":0,"pct":91.89},"functions":{"total":3,"covered":3,"skipped":0,"pct":100},"statements":{"total":37,"covered":34,"skipped":0,"pct":91.89},"branches":{"total":20,"covered":16,"skipped":0,"pct":80}}
}
